2021-12-14 05:57: Experiment log path in: /kaggle/working/traffic_predict/AGCRN-master/model/experiments/PEMSD8/20211214055744
2021-12-14 05:57: Train Epoch 1: 0/167 Loss: 241.990784
2021-12-14 05:58: Train Epoch 1: 20/167 Loss: 217.748703
2021-12-14 05:59: Train Epoch 1: 40/167 Loss: 206.582291
2021-12-14 06:00: Train Epoch 1: 60/167 Loss: 204.715439
2021-12-14 06:01: Train Epoch 1: 80/167 Loss: 207.203156
2021-12-14 06:02: Train Epoch 1: 100/167 Loss: 165.504913
2021-12-14 06:03: Train Epoch 1: 120/167 Loss: 165.908722
2021-12-14 06:04: Train Epoch 1: 140/167 Loss: 156.683960
2021-12-14 06:05: Train Epoch 1: 160/167 Loss: 148.474609
2021-12-14 06:06: **********Train Epoch 1: averaged Loss: 184.810764, tf_ratio: 1.000000
2021-12-14 06:07: **********Val Epoch 1: average Loss: 152.962747
2021-12-14 06:07: ******Current best model saved:model_para/PEMSD8/epoch_1.pth!
2021-12-14 06:07: Train Epoch 2: 0/167 Loss: 150.830475
2021-12-14 06:08: Train Epoch 2: 20/167 Loss: 153.369324
2021-12-14 06:09: Train Epoch 2: 40/167 Loss: 131.777237
2021-12-14 06:10: Train Epoch 2: 60/167 Loss: 128.567963
2021-12-14 06:11: Train Epoch 2: 80/167 Loss: 138.749451
2021-12-14 06:12: Train Epoch 2: 100/167 Loss: 126.522003
2021-12-14 06:13: Train Epoch 2: 120/167 Loss: 128.732407
2021-12-14 06:14: Train Epoch 2: 140/167 Loss: 130.643967
2021-12-14 06:15: Train Epoch 2: 160/167 Loss: 126.892914
2021-12-14 06:15: **********Train Epoch 2: averaged Loss: 135.290557, tf_ratio: 1.000000
2021-12-14 06:16: **********Val Epoch 2: average Loss: 128.162277
2021-12-14 06:16: ******Current best model saved:model_para/PEMSD8/epoch_2.pth!
2021-12-14 06:16: Train Epoch 3: 0/167 Loss: 129.459473
2021-12-14 06:17: Train Epoch 3: 20/167 Loss: 132.932938
2021-12-14 06:18: Train Epoch 3: 40/167 Loss: 123.835098
2021-12-14 06:19: Train Epoch 3: 60/167 Loss: 123.839706
2021-12-14 06:20: Train Epoch 3: 80/167 Loss: 120.641830
2021-12-14 06:21: Train Epoch 3: 100/167 Loss: 151.439835
2021-12-14 06:22: Train Epoch 3: 120/167 Loss: 159.818222
2021-12-14 06:23: Train Epoch 3: 140/167 Loss: 178.006226
2021-12-14 06:24: Train Epoch 3: 160/167 Loss: 174.908234
2021-12-14 06:25: **********Train Epoch 3: averaged Loss: 146.009921, tf_ratio: 1.000000
2021-12-14 06:26: **********Val Epoch 3: average Loss: 174.523815
2021-12-14 06:26: Train Epoch 4: 0/167 Loss: 167.128220
2021-12-14 06:27: Train Epoch 4: 20/167 Loss: 159.652679
2021-12-14 06:28: Train Epoch 4: 40/167 Loss: 169.343491
2021-12-14 06:29: Train Epoch 4: 60/167 Loss: 150.359772
2021-12-14 06:30: Train Epoch 4: 80/167 Loss: 151.844528
2021-12-14 06:31: Train Epoch 4: 100/167 Loss: 145.146423
2021-12-14 06:32: Train Epoch 4: 120/167 Loss: 135.298874
2021-12-14 06:33: Train Epoch 4: 140/167 Loss: 150.870087
2021-12-14 06:34: Train Epoch 4: 160/167 Loss: 136.359406
2021-12-14 06:34: **********Train Epoch 4: averaged Loss: 153.146143, tf_ratio: 1.000000
2021-12-14 06:35: **********Val Epoch 4: average Loss: 142.771872
2021-12-14 06:35: Train Epoch 5: 0/167 Loss: 154.129196
2021-12-14 06:36: Train Epoch 5: 20/167 Loss: 134.492844
2021-12-14 06:37: Train Epoch 5: 40/167 Loss: 141.229645
2021-12-14 06:38: Train Epoch 5: 60/167 Loss: 134.150803
2021-12-14 06:39: Train Epoch 5: 80/167 Loss: 127.470032
2021-12-14 06:40: Train Epoch 5: 100/167 Loss: 123.128838
2021-12-14 06:41: Train Epoch 5: 120/167 Loss: 124.292587
2021-12-14 06:42: Train Epoch 5: 140/167 Loss: 127.343864
2021-12-14 06:43: Train Epoch 5: 160/167 Loss: 133.198105
2021-12-14 06:44: **********Train Epoch 5: averaged Loss: 132.347498, tf_ratio: 1.000000
2021-12-14 06:45: **********Val Epoch 5: average Loss: 129.878378
2021-12-14 06:45: Train Epoch 6: 0/167 Loss: 121.623596
2021-12-14 06:46: Train Epoch 6: 20/167 Loss: 130.840927
2021-12-14 06:47: Train Epoch 6: 40/167 Loss: 117.447197
2021-12-14 06:48: Train Epoch 6: 60/167 Loss: 131.725677
2021-12-14 06:49: Train Epoch 6: 80/167 Loss: 116.570763
2021-12-14 06:50: Train Epoch 6: 100/167 Loss: 125.700264
2021-12-14 06:51: Train Epoch 6: 120/167 Loss: 125.705238
2021-12-14 06:52: Train Epoch 6: 140/167 Loss: 121.931282
2021-12-14 06:53: Train Epoch 6: 160/167 Loss: 118.275963
2021-12-14 06:53: **********Train Epoch 6: averaged Loss: 124.397379, tf_ratio: 1.000000
2021-12-14 06:54: **********Val Epoch 6: average Loss: 124.861279
2021-12-14 06:54: ******Current best model saved:model_para/PEMSD8/epoch_6.pth!
2021-12-14 06:54: Train Epoch 7: 0/167 Loss: 128.375610
2021-12-14 06:55: Train Epoch 7: 20/167 Loss: 115.242378
2021-12-14 06:56: Train Epoch 7: 40/167 Loss: 123.548782
2021-12-14 06:57: Train Epoch 7: 60/167 Loss: 126.827415
2021-12-14 06:58: Train Epoch 7: 80/167 Loss: 127.800865
2021-12-14 06:59: Train Epoch 7: 100/167 Loss: 120.985390
2021-12-14 07:00: Train Epoch 7: 120/167 Loss: 125.305519
2021-12-14 07:01: Train Epoch 7: 140/167 Loss: 119.135193
2021-12-14 07:02: Train Epoch 7: 160/167 Loss: 117.101753
2021-12-14 07:03: **********Train Epoch 7: averaged Loss: 121.395961, tf_ratio: 1.000000
2021-12-14 07:04: **********Val Epoch 7: average Loss: 122.862158
2021-12-14 07:04: ******Current best model saved:model_para/PEMSD8/epoch_7.pth!
2021-12-14 07:04: Train Epoch 8: 0/167 Loss: 120.238129
2021-12-14 07:05: Train Epoch 8: 20/167 Loss: 120.339287
2021-12-14 07:06: Train Epoch 8: 40/167 Loss: 122.793282
2021-12-14 07:07: Train Epoch 8: 60/167 Loss: 116.445038
2021-12-14 07:08: Train Epoch 8: 80/167 Loss: 118.533096
2021-12-14 07:09: Train Epoch 8: 100/167 Loss: 119.496864
2021-12-14 07:10: Train Epoch 8: 120/167 Loss: 121.935608
2021-12-14 07:11: Train Epoch 8: 140/167 Loss: 123.745560
2021-12-14 07:12: Train Epoch 8: 160/167 Loss: 119.354286
2021-12-14 07:12: **********Train Epoch 8: averaged Loss: 120.311677, tf_ratio: 1.000000
2021-12-14 07:13: **********Val Epoch 8: average Loss: 122.052858
2021-12-14 07:13: ******Current best model saved:model_para/PEMSD8/epoch_8.pth!
2021-12-14 07:13: Train Epoch 9: 0/167 Loss: 120.607986
2021-12-14 07:14: Train Epoch 9: 20/167 Loss: 120.286194
2021-12-14 07:15: Train Epoch 9: 40/167 Loss: 121.278740
2021-12-14 07:16: Train Epoch 9: 60/167 Loss: 116.337997
2021-12-14 07:17: Train Epoch 9: 80/167 Loss: 123.277519
2021-12-14 07:18: Train Epoch 9: 100/167 Loss: 118.202560
2021-12-14 07:19: Train Epoch 9: 120/167 Loss: 118.731628
2021-12-14 07:20: Train Epoch 9: 140/167 Loss: 120.947365
2021-12-14 07:21: Train Epoch 9: 160/167 Loss: 116.674362
2021-12-14 07:21: **********Train Epoch 9: averaged Loss: 119.938839, tf_ratio: 1.000000
2021-12-14 07:23: **********Val Epoch 9: average Loss: 121.739665
2021-12-14 07:23: ******Current best model saved:model_para/PEMSD8/epoch_9.pth!
2021-12-14 07:23: Train Epoch 10: 0/167 Loss: 116.614052
2021-12-14 07:24: Train Epoch 10: 20/167 Loss: 119.212883
2021-12-14 07:25: Train Epoch 10: 40/167 Loss: 120.324646
2021-12-14 07:26: Train Epoch 10: 60/167 Loss: 125.821426
2021-12-14 07:27: Train Epoch 10: 80/167 Loss: 126.605476
2021-12-14 07:28: Train Epoch 10: 100/167 Loss: 116.771255
2021-12-14 07:29: Train Epoch 10: 120/167 Loss: 120.193306
2021-12-14 07:30: Train Epoch 10: 140/167 Loss: 123.408966
2021-12-14 07:31: Train Epoch 10: 160/167 Loss: 117.672302
2021-12-14 07:31: **********Train Epoch 10: averaged Loss: 119.808856, tf_ratio: 1.000000
2021-12-14 07:32: **********Val Epoch 10: average Loss: 121.625347
2021-12-14 07:32: ******Current best model saved:model_para/PEMSD8/epoch_10.pth!
2021-12-14 07:32: Train Epoch 11: 0/167 Loss: 118.432083
2021-12-14 07:33: Train Epoch 11: 20/167 Loss: 118.726707
2021-12-14 07:34: Train Epoch 11: 40/167 Loss: 114.879059
2021-12-14 07:35: Train Epoch 11: 60/167 Loss: 117.485931
2021-12-14 07:36: Train Epoch 11: 80/167 Loss: 119.415154
2021-12-14 07:37: Train Epoch 11: 100/167 Loss: 123.221474
2021-12-14 07:38: Train Epoch 11: 120/167 Loss: 118.596558
2021-12-14 07:39: Train Epoch 11: 140/167 Loss: 120.009003
2021-12-14 07:40: Train Epoch 11: 160/167 Loss: 122.520073
2021-12-14 07:40: **********Train Epoch 11: averaged Loss: 119.719882, tf_ratio: 1.000000
2021-12-14 07:41: **********Val Epoch 11: average Loss: 121.520181
2021-12-14 07:41: ******Current best model saved:model_para/PEMSD8/epoch_11.pth!
2021-12-14 07:41: Train Epoch 12: 0/167 Loss: 122.109009
2021-12-14 07:42: Train Epoch 12: 20/167 Loss: 120.469032
2021-12-14 07:43: Train Epoch 12: 40/167 Loss: 116.636620
2021-12-14 07:44: Train Epoch 12: 60/167 Loss: 120.725746
2021-12-14 07:45: Train Epoch 12: 80/167 Loss: 110.582916
2021-12-14 07:46: Train Epoch 12: 100/167 Loss: 126.907623
2021-12-14 07:47: Train Epoch 12: 120/167 Loss: 118.233505
2021-12-14 07:48: Train Epoch 12: 140/167 Loss: 116.648544
2021-12-14 07:49: Train Epoch 12: 160/167 Loss: 122.794998
2021-12-14 07:50: **********Train Epoch 12: averaged Loss: 119.760931, tf_ratio: 1.000000
2021-12-14 07:51: **********Val Epoch 12: average Loss: 121.630130
2021-12-14 07:51: Train Epoch 13: 0/167 Loss: 120.268837
2021-12-14 07:52: Train Epoch 13: 20/167 Loss: 116.815582
2021-12-14 07:53: Train Epoch 13: 40/167 Loss: 117.527313
2021-12-14 07:54: Train Epoch 13: 60/167 Loss: 114.362427
2021-12-14 07:55: Train Epoch 13: 80/167 Loss: 122.283424
2021-12-14 07:56: Train Epoch 13: 100/167 Loss: 126.942688
2021-12-14 07:57: Train Epoch 13: 120/167 Loss: 120.912926
2021-12-14 07:58: Train Epoch 13: 140/167 Loss: 119.121498
2021-12-14 07:59: Train Epoch 13: 160/167 Loss: 121.878853
2021-12-14 07:59: **********Train Epoch 13: averaged Loss: 119.908828, tf_ratio: 1.000000
2021-12-14 08:00: **********Val Epoch 13: average Loss: 121.705661
2021-12-14 08:00: Train Epoch 14: 0/167 Loss: 121.068298
2021-12-14 08:01: Train Epoch 14: 20/167 Loss: 123.296898
2021-12-14 08:02: Train Epoch 14: 40/167 Loss: 115.589035
2021-12-14 08:03: Train Epoch 14: 60/167 Loss: 117.702194
2021-12-14 08:04: Train Epoch 14: 80/167 Loss: 120.084503
2021-12-14 08:05: Train Epoch 14: 100/167 Loss: 119.587151
2021-12-14 08:06: Train Epoch 14: 120/167 Loss: 118.621422
2021-12-14 08:07: Train Epoch 14: 140/167 Loss: 117.180786
2021-12-14 08:08: Train Epoch 14: 160/167 Loss: 121.343269
2021-12-14 08:09: **********Train Epoch 14: averaged Loss: 119.830856, tf_ratio: 1.000000
2021-12-14 08:10: **********Val Epoch 14: average Loss: 121.555648
2021-12-14 08:10: Train Epoch 15: 0/167 Loss: 123.603180
2021-12-14 08:11: Train Epoch 15: 20/167 Loss: 117.630936
2021-12-14 08:12: Train Epoch 15: 40/167 Loss: 120.520348
2021-12-14 08:13: Train Epoch 15: 60/167 Loss: 122.545937
2021-12-14 08:14: Train Epoch 15: 80/167 Loss: 114.777168
2021-12-14 08:15: Train Epoch 15: 100/167 Loss: 121.817574
2021-12-14 08:16: Train Epoch 15: 120/167 Loss: 117.351791
2021-12-14 08:17: Train Epoch 15: 140/167 Loss: 118.525818
2021-12-14 08:18: Train Epoch 15: 160/167 Loss: 121.509430
2021-12-14 08:18: **********Train Epoch 15: averaged Loss: 119.748523, tf_ratio: 1.000000
2021-12-14 08:19: **********Val Epoch 15: average Loss: 121.494500
2021-12-14 08:19: ******Current best model saved:model_para/PEMSD8/epoch_15.pth!
2021-12-14 08:19: Train Epoch 16: 0/167 Loss: 118.512733
2021-12-14 08:20: Train Epoch 16: 20/167 Loss: 117.051460
2021-12-14 08:21: Train Epoch 16: 40/167 Loss: 117.730873
2021-12-14 08:22: Train Epoch 16: 60/167 Loss: 118.882942
2021-12-14 08:23: Train Epoch 16: 80/167 Loss: 121.349777
2021-12-14 08:24: Train Epoch 16: 100/167 Loss: 118.429054
2021-12-14 08:25: Train Epoch 16: 120/167 Loss: 118.274452
2021-12-14 08:26: Train Epoch 16: 140/167 Loss: 119.582985
2021-12-14 08:27: Train Epoch 16: 160/167 Loss: 123.414528
2021-12-14 08:27: **********Train Epoch 16: averaged Loss: 119.622954, tf_ratio: 1.000000
2021-12-14 08:29: **********Val Epoch 16: average Loss: 121.661339
2021-12-14 08:29: Train Epoch 17: 0/167 Loss: 125.407318
2021-12-14 08:30: Train Epoch 17: 20/167 Loss: 120.214462
2021-12-14 08:31: Train Epoch 17: 40/167 Loss: 117.801781
2021-12-14 08:32: Train Epoch 17: 60/167 Loss: 128.557190
2021-12-14 08:33: Train Epoch 17: 80/167 Loss: 125.288567
2021-12-14 08:34: Train Epoch 17: 100/167 Loss: 121.012428
2021-12-14 08:35: Train Epoch 17: 120/167 Loss: 120.635918
2021-12-14 08:36: Train Epoch 17: 140/167 Loss: 118.673805
2021-12-14 08:37: Train Epoch 17: 160/167 Loss: 116.767914
2021-12-14 08:37: **********Train Epoch 17: averaged Loss: 119.660553, tf_ratio: 1.000000
2021-12-14 08:38: **********Val Epoch 17: average Loss: 121.415772
2021-12-14 08:38: ******Current best model saved:model_para/PEMSD8/epoch_17.pth!
2021-12-14 08:38: Train Epoch 18: 0/167 Loss: 122.982498
2021-12-14 08:39: Train Epoch 18: 20/167 Loss: 118.649406
2021-12-14 08:40: Train Epoch 18: 40/167 Loss: 121.957680
2021-12-14 08:41: Train Epoch 18: 60/167 Loss: 115.358536
2021-12-14 08:42: Train Epoch 18: 80/167 Loss: 120.742500
2021-12-14 08:43: Train Epoch 18: 100/167 Loss: 118.014145
2021-12-14 08:44: Train Epoch 18: 120/167 Loss: 119.221367
2021-12-14 08:45: Train Epoch 18: 140/167 Loss: 117.910889
2021-12-14 08:46: Train Epoch 18: 160/167 Loss: 115.132538
2021-12-14 08:46: **********Train Epoch 18: averaged Loss: 119.700132, tf_ratio: 1.000000
2021-12-14 08:47: **********Val Epoch 18: average Loss: 121.211394
2021-12-14 08:47: ******Current best model saved:model_para/PEMSD8/epoch_18.pth!
2021-12-14 08:48: Train Epoch 19: 0/167 Loss: 124.989944
2021-12-14 08:48: Train Epoch 19: 20/167 Loss: 119.525208
2021-12-14 08:49: Train Epoch 19: 40/167 Loss: 119.953453
2021-12-14 08:50: Train Epoch 19: 60/167 Loss: 118.738716
2021-12-14 08:51: Train Epoch 19: 80/167 Loss: 125.252609
2021-12-14 08:52: Train Epoch 19: 100/167 Loss: 118.834549
2021-12-14 08:53: Train Epoch 19: 120/167 Loss: 121.114098
2021-12-14 08:54: Train Epoch 19: 140/167 Loss: 119.679527
2021-12-14 08:55: Train Epoch 19: 160/167 Loss: 116.910278
2021-12-14 08:56: **********Train Epoch 19: averaged Loss: 119.377449, tf_ratio: 1.000000
2021-12-14 08:57: **********Val Epoch 19: average Loss: 121.003799
2021-12-14 08:57: ******Current best model saved:model_para/PEMSD8/epoch_19.pth!
2021-12-14 08:57: Train Epoch 20: 0/167 Loss: 127.587318
2021-12-14 08:58: Train Epoch 20: 20/167 Loss: 119.692070
2021-12-14 08:59: Train Epoch 20: 40/167 Loss: 118.208557
2021-12-14 09:00: Train Epoch 20: 60/167 Loss: 113.599472
2021-12-14 09:01: Train Epoch 20: 80/167 Loss: 122.529976
2021-12-14 09:02: Train Epoch 20: 100/167 Loss: 120.494186
2021-12-14 09:03: Train Epoch 20: 120/167 Loss: 123.489983
2021-12-14 09:04: Train Epoch 20: 140/167 Loss: 123.121124
2021-12-14 09:05: Train Epoch 20: 160/167 Loss: 121.663704
2021-12-14 09:05: **********Train Epoch 20: averaged Loss: 119.260690, tf_ratio: 1.000000
2021-12-14 09:06: **********Val Epoch 20: average Loss: 120.853455
2021-12-14 09:06: ******Current best model saved:model_para/PEMSD8/epoch_20.pth!
2021-12-14 09:06: Train Epoch 21: 0/167 Loss: 119.956146
2021-12-14 09:07: Train Epoch 21: 20/167 Loss: 120.478180
2021-12-14 09:08: Train Epoch 21: 40/167 Loss: 116.748322
2021-12-14 09:09: Train Epoch 21: 60/167 Loss: 121.668159
2021-12-14 09:10: Train Epoch 21: 80/167 Loss: 116.015999
2021-12-14 09:11: Train Epoch 21: 100/167 Loss: 121.199074
2021-12-14 09:12: Train Epoch 21: 120/167 Loss: 116.481873
2021-12-14 09:13: Train Epoch 21: 140/167 Loss: 120.617767
2021-12-14 09:14: Train Epoch 21: 160/167 Loss: 122.511642
2021-12-14 09:15: **********Train Epoch 21: averaged Loss: 119.133158, tf_ratio: 1.000000
2021-12-14 09:16: **********Val Epoch 21: average Loss: 120.768502
2021-12-14 09:16: ******Current best model saved:model_para/PEMSD8/epoch_21.pth!
2021-12-14 09:16: Train Epoch 22: 0/167 Loss: 120.185005
2021-12-14 09:17: Train Epoch 22: 20/167 Loss: 120.164574
2021-12-14 09:18: Train Epoch 22: 40/167 Loss: 115.463089
2021-12-14 09:19: Train Epoch 22: 60/167 Loss: 119.187927
2021-12-14 09:20: Train Epoch 22: 80/167 Loss: 122.153328
2021-12-14 09:21: Train Epoch 22: 100/167 Loss: 123.247307
2021-12-14 09:22: Train Epoch 22: 120/167 Loss: 116.921928
2021-12-14 09:23: Train Epoch 22: 140/167 Loss: 118.472603
2021-12-14 09:24: Train Epoch 22: 160/167 Loss: 118.930412
2021-12-14 09:24: **********Train Epoch 22: averaged Loss: 119.011811, tf_ratio: 1.000000
2021-12-14 09:25: **********Val Epoch 22: average Loss: 120.584556
2021-12-14 09:25: ******Current best model saved:model_para/PEMSD8/epoch_22.pth!
2021-12-14 09:25: Train Epoch 23: 0/167 Loss: 123.184654
2021-12-14 09:26: Train Epoch 23: 20/167 Loss: 120.707680
2021-12-14 09:27: Train Epoch 23: 40/167 Loss: 118.013947
2021-12-14 09:28: Train Epoch 23: 60/167 Loss: 118.030922
2021-12-14 09:29: Train Epoch 23: 80/167 Loss: 117.568542
2021-12-14 09:30: Train Epoch 23: 100/167 Loss: 120.828331
2021-12-14 09:31: Train Epoch 23: 120/167 Loss: 118.138374
2021-12-14 09:32: Train Epoch 23: 140/167 Loss: 118.616180
2021-12-14 09:33: Train Epoch 23: 160/167 Loss: 117.684196
2021-12-14 09:34: **********Train Epoch 23: averaged Loss: 118.889610, tf_ratio: 1.000000
2021-12-14 09:35: **********Val Epoch 23: average Loss: 120.446241
2021-12-14 09:35: ******Current best model saved:model_para/PEMSD8/epoch_23.pth!
2021-12-14 09:35: Train Epoch 24: 0/167 Loss: 117.837082
2021-12-14 09:36: Train Epoch 24: 20/167 Loss: 113.488968
2021-12-14 09:37: Train Epoch 24: 40/167 Loss: 111.700851
2021-12-14 09:38: Train Epoch 24: 60/167 Loss: 118.233398
2021-12-14 09:39: Train Epoch 24: 80/167 Loss: 118.871147
2021-12-14 09:40: Train Epoch 24: 100/167 Loss: 112.007286
2021-12-14 09:41: Train Epoch 24: 120/167 Loss: 117.517891
2021-12-14 09:42: Train Epoch 24: 140/167 Loss: 121.576027
2021-12-14 09:43: Train Epoch 24: 160/167 Loss: 116.887627
2021-12-14 09:43: **********Train Epoch 24: averaged Loss: 118.782406, tf_ratio: 1.000000
2021-12-14 09:44: **********Val Epoch 24: average Loss: 120.383169
2021-12-14 09:44: ******Current best model saved:model_para/PEMSD8/epoch_24.pth!
2021-12-14 09:44: Train Epoch 25: 0/167 Loss: 116.795166
2021-12-14 09:45: Train Epoch 25: 20/167 Loss: 117.003929
2021-12-14 09:46: Train Epoch 25: 40/167 Loss: 117.624634
2021-12-14 09:47: Train Epoch 25: 60/167 Loss: 120.335114
2021-12-14 09:48: Train Epoch 25: 80/167 Loss: 119.782936
2021-12-14 09:49: Train Epoch 25: 100/167 Loss: 116.579376
2021-12-14 09:50: Train Epoch 25: 120/167 Loss: 117.358124
2021-12-14 09:51: Train Epoch 25: 140/167 Loss: 120.715523
2021-12-14 09:52: Train Epoch 25: 160/167 Loss: 120.637505
2021-12-14 09:53: **********Train Epoch 25: averaged Loss: 119.193453, tf_ratio: 1.000000
2021-12-14 09:54: **********Val Epoch 25: average Loss: 121.505152
2021-12-14 09:54: Train Epoch 26: 0/167 Loss: 121.281670
2021-12-14 09:55: Train Epoch 26: 20/167 Loss: 119.772293
2021-12-14 09:56: Train Epoch 26: 40/167 Loss: 118.775009
2021-12-14 09:57: Train Epoch 26: 60/167 Loss: 119.175606
2021-12-14 09:58: Train Epoch 26: 80/167 Loss: 123.854095
2021-12-14 09:59: Train Epoch 26: 100/167 Loss: 119.862885
2021-12-14 10:00: Train Epoch 26: 120/167 Loss: 117.342392
2021-12-14 10:01: Train Epoch 26: 140/167 Loss: 121.440338
2021-12-14 10:02: Train Epoch 26: 160/167 Loss: 121.955811
2021-12-14 10:02: **********Train Epoch 26: averaged Loss: 119.730901, tf_ratio: 1.000000
2021-12-14 10:04: **********Val Epoch 26: average Loss: 121.452392
2021-12-14 10:04: Train Epoch 27: 0/167 Loss: 119.638687
2021-12-14 10:05: Train Epoch 27: 20/167 Loss: 118.582603
2021-12-14 10:06: Train Epoch 27: 40/167 Loss: 121.396652
2021-12-14 10:07: Train Epoch 27: 60/167 Loss: 123.600372
2021-12-14 10:08: Train Epoch 27: 80/167 Loss: 115.231071
2021-12-14 10:09: Train Epoch 27: 100/167 Loss: 117.740219
2021-12-14 10:10: Train Epoch 27: 120/167 Loss: 125.927155
2021-12-14 10:11: Train Epoch 27: 140/167 Loss: 115.198044
2021-12-14 10:12: Train Epoch 27: 160/167 Loss: 118.798874
2021-12-14 10:12: **********Train Epoch 27: averaged Loss: 119.629577, tf_ratio: 1.000000
2021-12-14 10:13: **********Val Epoch 27: average Loss: 121.240046
2021-12-14 10:13: Train Epoch 28: 0/167 Loss: 116.761673
2021-12-14 10:14: Train Epoch 28: 20/167 Loss: 122.125999
2021-12-14 10:15: Train Epoch 28: 40/167 Loss: 121.071304
2021-12-14 10:16: Train Epoch 28: 60/167 Loss: 121.569801
2021-12-14 10:17: Train Epoch 28: 80/167 Loss: 114.493919
2021-12-14 10:18: Train Epoch 28: 100/167 Loss: 116.161423
2021-12-14 10:19: Train Epoch 28: 120/167 Loss: 117.642868
2021-12-14 10:20: Train Epoch 28: 140/167 Loss: 115.375099
2021-12-14 10:21: Train Epoch 28: 160/167 Loss: 123.139153
2021-12-14 10:21: **********Train Epoch 28: averaged Loss: 119.170918, tf_ratio: 1.000000
2021-12-14 10:23: **********Val Epoch 28: average Loss: 120.515780
2021-12-14 10:23: Train Epoch 29: 0/167 Loss: 121.328285
2021-12-14 10:24: Train Epoch 29: 20/167 Loss: 115.068298
2021-12-14 10:25: Train Epoch 29: 40/167 Loss: 117.317192
2021-12-14 10:26: Train Epoch 29: 60/167 Loss: 118.781052
2021-12-14 10:27: Train Epoch 29: 80/167 Loss: 118.467018
2021-12-14 10:28: Train Epoch 29: 100/167 Loss: 122.898903
2021-12-14 10:29: Train Epoch 29: 120/167 Loss: 118.920349
2021-12-14 10:30: Train Epoch 29: 140/167 Loss: 121.254494
2021-12-14 10:31: Train Epoch 29: 160/167 Loss: 120.057495
2021-12-14 10:31: **********Train Epoch 29: averaged Loss: 118.519719, tf_ratio: 1.000000
2021-12-14 10:32: **********Val Epoch 29: average Loss: 119.944593
2021-12-14 10:32: ******Current best model saved:model_para/PEMSD8/epoch_29.pth!
2021-12-14 10:32: Train Epoch 30: 0/167 Loss: 119.048721
2021-12-14 10:33: Train Epoch 30: 20/167 Loss: 118.745018
2021-12-14 10:34: Train Epoch 30: 40/167 Loss: 119.695091
2021-12-14 10:35: Train Epoch 30: 60/167 Loss: 119.014893
2021-12-14 10:36: Train Epoch 30: 80/167 Loss: 115.886848
2021-12-14 10:37: Train Epoch 30: 100/167 Loss: 117.244064
2021-12-14 10:38: Train Epoch 30: 120/167 Loss: 119.815712
2021-12-14 10:39: Train Epoch 30: 140/167 Loss: 112.622978
2021-12-14 10:40: Train Epoch 30: 160/167 Loss: 115.410713
2021-12-14 10:40: **********Train Epoch 30: averaged Loss: 117.950054, tf_ratio: 1.000000
2021-12-14 10:42: **********Val Epoch 30: average Loss: 119.228734
2021-12-14 10:42: ******Current best model saved:model_para/PEMSD8/epoch_30.pth!
2021-12-14 10:42: Train Epoch 31: 0/167 Loss: 119.489967
2021-12-14 10:43: Train Epoch 31: 20/167 Loss: 114.880409
2021-12-14 10:44: Train Epoch 31: 40/167 Loss: 121.685966
2021-12-14 10:45: Train Epoch 31: 60/167 Loss: 117.622284
2021-12-14 10:46: Train Epoch 31: 80/167 Loss: 118.561607
2021-12-14 10:47: Train Epoch 31: 100/167 Loss: 116.801201
2021-12-14 10:48: Train Epoch 31: 120/167 Loss: 119.502304
2021-12-14 10:49: Train Epoch 31: 140/167 Loss: 114.995193
2021-12-14 10:49: Train Epoch 31: 160/167 Loss: 115.751968
2021-12-14 10:50: **********Train Epoch 31: averaged Loss: 117.291121, tf_ratio: 1.000000
2021-12-14 10:51: **********Val Epoch 31: average Loss: 118.158677
2021-12-14 10:51: ******Current best model saved:model_para/PEMSD8/epoch_31.pth!
2021-12-14 10:51: Train Epoch 32: 0/167 Loss: 113.150131
2021-12-14 10:52: Train Epoch 32: 20/167 Loss: 111.195686
2021-12-14 10:53: Train Epoch 32: 40/167 Loss: 116.865707
2021-12-14 10:54: Train Epoch 32: 60/167 Loss: 114.836586
2021-12-14 10:55: Train Epoch 32: 80/167 Loss: 122.582436
2021-12-14 10:56: Train Epoch 32: 100/167 Loss: 115.072189
2021-12-14 10:57: Train Epoch 32: 120/167 Loss: 112.811569
2021-12-14 10:58: Train Epoch 32: 140/167 Loss: 115.136398
2021-12-14 10:59: Train Epoch 32: 160/167 Loss: 115.032433
2021-12-14 10:59: **********Train Epoch 32: averaged Loss: 115.787435, tf_ratio: 1.000000
2021-12-14 11:00: **********Val Epoch 32: average Loss: 116.591442
2021-12-14 11:00: ******Current best model saved:model_para/PEMSD8/epoch_32.pth!
2021-12-14 11:00: Train Epoch 33: 0/167 Loss: 114.150803
2021-12-14 11:01: Train Epoch 33: 20/167 Loss: 113.178276
2021-12-14 11:02: Train Epoch 33: 40/167 Loss: 120.307693
2021-12-14 11:03: Train Epoch 33: 60/167 Loss: 110.125023
2021-12-14 11:04: Train Epoch 33: 80/167 Loss: 116.214249
2021-12-14 11:05: Train Epoch 33: 100/167 Loss: 111.822128
2021-12-14 11:06: Train Epoch 33: 120/167 Loss: 112.581833
2021-12-14 11:07: Train Epoch 33: 140/167 Loss: 112.614151
2021-12-14 11:08: Train Epoch 33: 160/167 Loss: 114.107231
2021-12-14 11:09: **********Train Epoch 33: averaged Loss: 114.766200, tf_ratio: 1.000000
2021-12-14 11:10: **********Val Epoch 33: average Loss: 115.623019
2021-12-14 11:10: ******Current best model saved:model_para/PEMSD8/epoch_33.pth!
2021-12-14 11:10: Train Epoch 34: 0/167 Loss: 111.135437
2021-12-14 11:11: Train Epoch 34: 20/167 Loss: 118.731529
2021-12-14 11:12: Train Epoch 34: 40/167 Loss: 120.099754
2021-12-14 11:13: Train Epoch 34: 60/167 Loss: 126.773582
2021-12-14 11:14: Train Epoch 34: 80/167 Loss: 118.240181
2021-12-14 11:15: Train Epoch 34: 100/167 Loss: 120.228760
2021-12-14 11:16: Train Epoch 34: 120/167 Loss: 121.562950
2021-12-14 11:17: Train Epoch 34: 140/167 Loss: 117.795242
2021-12-14 11:18: Train Epoch 34: 160/167 Loss: 120.657784
2021-12-14 11:18: **********Train Epoch 34: averaged Loss: 118.737002, tf_ratio: 1.000000
2021-12-14 11:19: **********Val Epoch 34: average Loss: 121.137570
2021-12-14 11:19: Train Epoch 35: 0/167 Loss: 121.563828
2021-12-14 11:20: Train Epoch 35: 20/167 Loss: 124.834084
2021-12-14 11:21: Train Epoch 35: 40/167 Loss: 118.907822
2021-12-14 11:22: Train Epoch 35: 60/167 Loss: 115.532921
2021-12-14 11:23: Train Epoch 35: 80/167 Loss: 119.916519
2021-12-14 11:24: Train Epoch 35: 100/167 Loss: 121.970612
2021-12-14 11:25: Train Epoch 35: 120/167 Loss: 121.709930
2021-12-14 11:26: Train Epoch 35: 140/167 Loss: 118.372581
2021-12-14 11:27: Train Epoch 35: 160/167 Loss: 120.946480
2021-12-14 11:27: **********Train Epoch 35: averaged Loss: 119.102253, tf_ratio: 1.000000
2021-12-14 11:29: **********Val Epoch 35: average Loss: 120.682403
2021-12-14 11:29: Train Epoch 36: 0/167 Loss: 120.001602
2021-12-14 11:30: Train Epoch 36: 20/167 Loss: 119.293282
2021-12-14 11:31: Train Epoch 36: 40/167 Loss: 116.342674
2021-12-14 11:32: Train Epoch 36: 60/167 Loss: 116.742035
2021-12-14 11:33: Train Epoch 36: 80/167 Loss: 117.356857
2021-12-14 11:34: Train Epoch 36: 100/167 Loss: 121.568878
2021-12-14 11:35: Train Epoch 36: 120/167 Loss: 122.034248
2021-12-14 11:36: Train Epoch 36: 140/167 Loss: 115.242851
2021-12-14 11:37: Train Epoch 36: 160/167 Loss: 122.721207
2021-12-14 11:37: **********Train Epoch 36: averaged Loss: 118.819560, tf_ratio: 1.000000
2021-12-14 11:38: **********Val Epoch 36: average Loss: 119.807032
2021-12-14 11:38: Train Epoch 37: 0/167 Loss: 116.004738
2021-12-14 11:39: Train Epoch 37: 20/167 Loss: 122.995117
2021-12-14 11:40: Train Epoch 37: 40/167 Loss: 114.524330
2021-12-14 11:41: Train Epoch 37: 60/167 Loss: 115.591919
2021-12-14 11:42: Train Epoch 37: 80/167 Loss: 112.256729
2021-12-14 11:43: Train Epoch 37: 100/167 Loss: 118.549309
2021-12-14 11:44: Train Epoch 37: 120/167 Loss: 119.300392
2021-12-14 11:45: Train Epoch 37: 140/167 Loss: 119.263145
2021-12-14 11:46: Train Epoch 37: 160/167 Loss: 120.509064
2021-12-14 11:46: **********Train Epoch 37: averaged Loss: 117.863995, tf_ratio: 1.000000
2021-12-14 11:48: **********Val Epoch 37: average Loss: 118.932478
2021-12-14 11:48: Train Epoch 38: 0/167 Loss: 113.934212
2021-12-14 11:49: Train Epoch 38: 20/167 Loss: 112.889786
2021-12-14 11:50: Train Epoch 38: 40/167 Loss: 113.229477
2021-12-14 11:51: Train Epoch 38: 60/167 Loss: 113.134468
2021-12-14 11:52: Train Epoch 38: 80/167 Loss: 120.712097
2021-12-14 11:53: Train Epoch 38: 100/167 Loss: 113.752113
2021-12-14 11:54: Train Epoch 38: 120/167 Loss: 117.107895
2021-12-14 11:55: Train Epoch 38: 140/167 Loss: 119.343712
2021-12-14 11:56: Train Epoch 38: 160/167 Loss: 121.763153
2021-12-14 11:56: **********Train Epoch 38: averaged Loss: 116.856379, tf_ratio: 1.000000
2021-12-14 11:57: **********Val Epoch 38: average Loss: 117.805166
2021-12-14 11:57: Train Epoch 39: 0/167 Loss: 116.696373
2021-12-14 11:58: Train Epoch 39: 20/167 Loss: 118.929108
2021-12-14 11:59: Train Epoch 39: 40/167 Loss: 117.580582
2021-12-14 12:00: Train Epoch 39: 60/167 Loss: 114.542244
2021-12-14 12:01: Train Epoch 39: 80/167 Loss: 111.903824
2021-12-14 12:02: Train Epoch 39: 100/167 Loss: 108.481316
2021-12-14 12:03: Train Epoch 39: 120/167 Loss: 117.720322
2021-12-14 12:04: Train Epoch 39: 140/167 Loss: 120.873840
2021-12-14 12:05: Train Epoch 39: 160/167 Loss: 113.018677
2021-12-14 12:05: **********Train Epoch 39: averaged Loss: 115.456425, tf_ratio: 1.000000
2021-12-14 12:07: **********Val Epoch 39: average Loss: 116.797867
2021-12-14 12:07: Train Epoch 40: 0/167 Loss: 118.226410
2021-12-14 12:08: Train Epoch 40: 20/167 Loss: 109.850975
2021-12-14 12:09: Train Epoch 40: 40/167 Loss: 113.425346
2021-12-14 12:10: Train Epoch 40: 60/167 Loss: 116.746307
2021-12-14 12:11: Train Epoch 40: 80/167 Loss: 117.082359
2021-12-14 12:12: Train Epoch 40: 100/167 Loss: 111.815895
2021-12-14 12:13: Train Epoch 40: 120/167 Loss: 116.658447
2021-12-14 12:14: Train Epoch 40: 140/167 Loss: 116.338211
2021-12-14 12:15: Train Epoch 40: 160/167 Loss: 114.783554
2021-12-14 12:15: **********Train Epoch 40: averaged Loss: 114.883864, tf_ratio: 1.000000
2021-12-14 12:16: **********Val Epoch 40: average Loss: 116.402313
2021-12-14 12:16: Train Epoch 41: 0/167 Loss: 114.412628
2021-12-14 12:17: Train Epoch 41: 20/167 Loss: 114.055084
2021-12-14 12:18: Train Epoch 41: 40/167 Loss: 114.928291
2021-12-14 12:19: Train Epoch 41: 60/167 Loss: 108.288811
2021-12-14 12:20: Train Epoch 41: 80/167 Loss: 110.585129
2021-12-14 12:21: Train Epoch 41: 100/167 Loss: 118.226570
2021-12-14 12:22: Train Epoch 41: 120/167 Loss: 110.603287
2021-12-14 12:23: Train Epoch 41: 140/167 Loss: 113.869217
2021-12-14 12:24: Train Epoch 41: 160/167 Loss: 113.368217
2021-12-14 12:25: **********Train Epoch 41: averaged Loss: 113.752485, tf_ratio: 1.000000
2021-12-14 12:26: **********Val Epoch 41: average Loss: 114.624978
2021-12-14 12:26: ******Current best model saved:model_para/PEMSD8/epoch_41.pth!
2021-12-14 12:26: Train Epoch 42: 0/167 Loss: 108.461708
2021-12-14 12:27: Train Epoch 42: 20/167 Loss: 117.473618
2021-12-14 12:28: Train Epoch 42: 40/167 Loss: 110.045029
2021-12-14 12:29: Train Epoch 42: 60/167 Loss: 112.792686
2021-12-14 12:30: Train Epoch 42: 80/167 Loss: 114.708466
2021-12-14 12:31: Train Epoch 42: 100/167 Loss: 110.862404
2021-12-14 12:32: Train Epoch 42: 120/167 Loss: 115.455063
2021-12-14 12:33: Train Epoch 42: 140/167 Loss: 112.787704
2021-12-14 12:34: Train Epoch 42: 160/167 Loss: 113.423660
2021-12-14 12:34: **********Train Epoch 42: averaged Loss: 112.497253, tf_ratio: 1.000000
2021-12-14 12:35: **********Val Epoch 42: average Loss: 113.949207
2021-12-14 12:35: ******Current best model saved:model_para/PEMSD8/epoch_42.pth!
2021-12-14 12:35: Train Epoch 43: 0/167 Loss: 110.506531
2021-12-14 12:36: Train Epoch 43: 20/167 Loss: 111.772659
2021-12-14 12:37: Train Epoch 43: 40/167 Loss: 113.297874
2021-12-14 12:38: Train Epoch 43: 60/167 Loss: 108.188789
2021-12-14 12:39: Train Epoch 43: 80/167 Loss: 113.140320
2021-12-14 12:40: Train Epoch 43: 100/167 Loss: 111.830078
2021-12-14 12:41: Train Epoch 43: 120/167 Loss: 112.665955
2021-12-14 12:42: Train Epoch 43: 140/167 Loss: 113.091492
2021-12-14 12:43: Train Epoch 43: 160/167 Loss: 114.538971
2021-12-14 12:44: **********Train Epoch 43: averaged Loss: 112.893805, tf_ratio: 1.000000
2021-12-14 12:45: **********Val Epoch 43: average Loss: 116.524337
2021-12-14 12:45: Train Epoch 44: 0/167 Loss: 114.410706
2021-12-14 12:46: Train Epoch 44: 20/167 Loss: 111.703789
2021-12-14 12:47: Train Epoch 44: 40/167 Loss: 116.515007
2021-12-14 12:48: Train Epoch 44: 60/167 Loss: 110.023369
2021-12-14 12:49: Train Epoch 44: 80/167 Loss: 115.922050
2021-12-14 12:50: Train Epoch 44: 100/167 Loss: 111.143600
2021-12-14 12:51: Train Epoch 44: 120/167 Loss: 109.064529
2021-12-14 12:52: Train Epoch 44: 140/167 Loss: 112.435165
2021-12-14 12:53: Train Epoch 44: 160/167 Loss: 112.202843
2021-12-14 12:53: **********Train Epoch 44: averaged Loss: 113.578208, tf_ratio: 1.000000
2021-12-14 12:55: **********Val Epoch 44: average Loss: 113.980360
2021-12-14 12:55: Train Epoch 45: 0/167 Loss: 110.033760
2021-12-14 12:56: Train Epoch 45: 20/167 Loss: 112.827042
2021-12-14 12:57: Train Epoch 45: 40/167 Loss: 107.781502
2021-12-14 12:58: Train Epoch 45: 60/167 Loss: 108.487282
2021-12-14 12:59: Train Epoch 45: 80/167 Loss: 111.276878
2021-12-14 13:00: Train Epoch 45: 100/167 Loss: 112.597313
2021-12-14 13:01: Train Epoch 45: 120/167 Loss: 109.451309
2021-12-14 13:02: Train Epoch 45: 140/167 Loss: 110.259712
2021-12-14 13:03: Train Epoch 45: 160/167 Loss: 109.386986
2021-12-14 13:03: **********Train Epoch 45: averaged Loss: 111.857685, tf_ratio: 1.000000
2021-12-14 13:04: **********Val Epoch 45: average Loss: 113.075885
2021-12-14 13:04: ******Current best model saved:model_para/PEMSD8/epoch_45.pth!
2021-12-14 13:04: Train Epoch 46: 0/167 Loss: 110.455620
2021-12-14 13:05: Train Epoch 46: 20/167 Loss: 112.290756
2021-12-14 13:06: Train Epoch 46: 40/167 Loss: 110.379753
2021-12-14 13:07: Train Epoch 46: 60/167 Loss: 112.881897
2021-12-14 13:08: Train Epoch 46: 80/167 Loss: 114.801872
2021-12-14 13:09: Train Epoch 46: 100/167 Loss: 109.183365
2021-12-14 13:10: Train Epoch 46: 120/167 Loss: 107.643623
2021-12-14 13:11: Train Epoch 46: 140/167 Loss: 112.014175
2021-12-14 13:12: Train Epoch 46: 160/167 Loss: 110.040756
2021-12-14 13:13: **********Train Epoch 46: averaged Loss: 110.550342, tf_ratio: 1.000000
2021-12-14 13:14: **********Val Epoch 46: average Loss: 112.111091
2021-12-14 13:14: ******Current best model saved:model_para/PEMSD8/epoch_46.pth!
2021-12-14 13:14: Train Epoch 47: 0/167 Loss: 109.337311
2021-12-14 13:15: Train Epoch 47: 20/167 Loss: 105.752960
2021-12-14 13:16: Train Epoch 47: 40/167 Loss: 108.518097
2021-12-14 13:17: Train Epoch 47: 60/167 Loss: 107.095039
2021-12-14 13:18: Train Epoch 47: 80/167 Loss: 106.031067
2021-12-14 13:19: Train Epoch 47: 100/167 Loss: 107.115715
2021-12-14 13:20: Train Epoch 47: 120/167 Loss: 108.885162
2021-12-14 13:21: Train Epoch 47: 140/167 Loss: 109.846161
2021-12-14 13:22: Train Epoch 47: 160/167 Loss: 112.763336
2021-12-14 13:22: **********Train Epoch 47: averaged Loss: 109.654831, tf_ratio: 1.000000
2021-12-14 13:23: **********Val Epoch 47: average Loss: 111.291646
2021-12-14 13:23: ******Current best model saved:model_para/PEMSD8/epoch_47.pth!
2021-12-14 13:23: Train Epoch 48: 0/167 Loss: 107.728104
2021-12-14 13:24: Train Epoch 48: 20/167 Loss: 103.787674
2021-12-14 13:25: Train Epoch 48: 40/167 Loss: 103.026176
2021-12-14 13:26: Train Epoch 48: 60/167 Loss: 110.730751
2021-12-14 13:27: Train Epoch 48: 80/167 Loss: 108.738342
2021-12-14 13:28: Train Epoch 48: 100/167 Loss: 103.237396
2021-12-14 13:29: Train Epoch 48: 120/167 Loss: 110.080193
2021-12-14 13:30: Train Epoch 48: 140/167 Loss: 108.811691
2021-12-14 13:31: Train Epoch 48: 160/167 Loss: 109.132851
2021-12-14 13:32: **********Train Epoch 48: averaged Loss: 108.789852, tf_ratio: 1.000000
2021-12-14 13:33: **********Val Epoch 48: average Loss: 110.842271
2021-12-14 13:33: ******Current best model saved:model_para/PEMSD8/epoch_48.pth!
2021-12-14 13:33: Train Epoch 49: 0/167 Loss: 108.919037
2021-12-14 13:34: Train Epoch 49: 20/167 Loss: 110.900574
2021-12-14 13:35: Train Epoch 49: 40/167 Loss: 105.715347
2021-12-14 13:36: Train Epoch 49: 60/167 Loss: 104.719673
2021-12-14 13:37: Train Epoch 49: 80/167 Loss: 110.939102
2021-12-14 13:38: Train Epoch 49: 100/167 Loss: 104.870590
2021-12-14 13:39: Train Epoch 49: 120/167 Loss: 105.696060
2021-12-14 13:40: Train Epoch 49: 140/167 Loss: 101.453659
2021-12-14 13:41: Train Epoch 49: 160/167 Loss: 106.677338
2021-12-14 13:41: **********Train Epoch 49: averaged Loss: 106.801567, tf_ratio: 1.000000
2021-12-14 13:42: **********Val Epoch 49: average Loss: 107.916662
2021-12-14 13:42: ******Current best model saved:model_para/PEMSD8/epoch_49.pth!
2021-12-14 13:42: Train Epoch 50: 0/167 Loss: 107.465782
2021-12-14 13:43: Train Epoch 50: 20/167 Loss: 106.061615
2021-12-14 13:44: Train Epoch 50: 40/167 Loss: 107.621346
2021-12-14 13:45: Train Epoch 50: 60/167 Loss: 110.787445
2021-12-14 13:46: Train Epoch 50: 80/167 Loss: 103.393295
2021-12-14 13:47: Train Epoch 50: 100/167 Loss: 102.681358
2021-12-14 13:48: Train Epoch 50: 120/167 Loss: 105.616791
2021-12-14 13:49: Train Epoch 50: 140/167 Loss: 102.845009
2021-12-14 13:50: Train Epoch 50: 160/167 Loss: 108.759071
2021-12-14 13:51: **********Train Epoch 50: averaged Loss: 105.375324, tf_ratio: 1.000000
2021-12-14 13:52: **********Val Epoch 50: average Loss: 106.874532
2021-12-14 13:52: ******Current best model saved:model_para/PEMSD8/epoch_50.pth!
2021-12-14 13:52: Train Epoch 51: 0/167 Loss: 110.635361
2021-12-14 13:53: Train Epoch 51: 20/167 Loss: 109.625847
2021-12-14 13:54: Train Epoch 51: 40/167 Loss: 108.091721
2021-12-14 13:55: Train Epoch 51: 60/167 Loss: 103.895393
2021-12-14 13:56: Train Epoch 51: 80/167 Loss: 106.335793
2021-12-14 13:57: Train Epoch 51: 100/167 Loss: 109.862473
2021-12-14 13:58: Train Epoch 51: 120/167 Loss: 106.946373
2021-12-14 13:59: Train Epoch 51: 140/167 Loss: 108.519051
2021-12-14 14:00: Train Epoch 51: 160/167 Loss: 102.772842
2021-12-14 14:00: **********Train Epoch 51: averaged Loss: 105.143500, tf_ratio: 1.000000
2021-12-14 14:01: **********Val Epoch 51: average Loss: 106.518279
2021-12-14 14:01: ******Current best model saved:model_para/PEMSD8/epoch_51.pth!
2021-12-14 14:01: Train Epoch 52: 0/167 Loss: 100.379234
2021-12-14 14:02: Train Epoch 52: 20/167 Loss: 104.904068
2021-12-14 14:03: Train Epoch 52: 40/167 Loss: 108.049744
2021-12-14 14:04: Train Epoch 52: 60/167 Loss: 106.640099
2021-12-14 14:05: Train Epoch 52: 80/167 Loss: 102.744751
2021-12-14 14:06: Train Epoch 52: 100/167 Loss: 104.924919
2021-12-14 14:07: Train Epoch 52: 120/167 Loss: 111.004501
2021-12-14 14:08: Train Epoch 52: 140/167 Loss: 105.989311
2021-12-14 14:09: Train Epoch 52: 160/167 Loss: 111.841423
2021-12-14 14:10: **********Train Epoch 52: averaged Loss: 104.595915, tf_ratio: 1.000000
2021-12-14 14:11: **********Val Epoch 52: average Loss: 106.357849
2021-12-14 14:11: ******Current best model saved:model_para/PEMSD8/epoch_52.pth!
2021-12-14 14:11: Train Epoch 53: 0/167 Loss: 101.779770
2021-12-14 14:12: Train Epoch 53: 20/167 Loss: 104.254921
2021-12-14 14:13: Train Epoch 53: 40/167 Loss: 101.892593
2021-12-14 14:14: Train Epoch 53: 60/167 Loss: 99.696510
2021-12-14 14:15: Train Epoch 53: 80/167 Loss: 100.782066
2021-12-14 14:16: Train Epoch 53: 100/167 Loss: 105.734711
2021-12-14 14:17: Train Epoch 53: 120/167 Loss: 100.132515
2021-12-14 14:18: Train Epoch 53: 140/167 Loss: 101.031837
2021-12-14 14:19: Train Epoch 53: 160/167 Loss: 98.116615
2021-12-14 14:19: **********Train Epoch 53: averaged Loss: 100.945149, tf_ratio: 1.000000
2021-12-14 14:20: **********Val Epoch 53: average Loss: 99.916300
2021-12-14 14:20: ******Current best model saved:model_para/PEMSD8/epoch_53.pth!
2021-12-14 14:20: Train Epoch 54: 0/167 Loss: 102.014969
2021-12-14 14:21: Train Epoch 54: 20/167 Loss: 99.322922
2021-12-14 14:22: Train Epoch 54: 40/167 Loss: 92.856575
2021-12-14 14:23: Train Epoch 54: 60/167 Loss: 95.295410
2021-12-14 14:24: Train Epoch 54: 80/167 Loss: 92.180977
2021-12-14 14:25: Train Epoch 54: 100/167 Loss: 91.713974
2021-12-14 14:26: Train Epoch 54: 120/167 Loss: 89.605171
2021-12-14 14:27: Train Epoch 54: 140/167 Loss: 93.584190
2021-12-14 14:28: Train Epoch 54: 160/167 Loss: 91.669243
2021-12-14 14:28: **********Train Epoch 54: averaged Loss: 95.128190, tf_ratio: 1.000000
2021-12-14 14:30: **********Val Epoch 54: average Loss: 93.379649
2021-12-14 14:30: ******Current best model saved:model_para/PEMSD8/epoch_54.pth!
2021-12-14 14:30: Train Epoch 55: 0/167 Loss: 94.280090
2021-12-14 14:31: Train Epoch 55: 20/167 Loss: 92.481216
2021-12-14 14:32: Train Epoch 55: 40/167 Loss: 96.240555
2021-12-14 14:33: Train Epoch 55: 60/167 Loss: 90.275574
2021-12-14 14:34: Train Epoch 55: 80/167 Loss: 92.226372
2021-12-14 14:35: Train Epoch 55: 100/167 Loss: 92.822220
2021-12-14 14:36: Train Epoch 55: 120/167 Loss: 114.649101
2021-12-14 14:37: Train Epoch 55: 140/167 Loss: 104.852364
2021-12-14 14:38: Train Epoch 55: 160/167 Loss: 103.746986
2021-12-14 14:38: **********Train Epoch 55: averaged Loss: 97.104065, tf_ratio: 1.000000
2021-12-14 14:39: **********Val Epoch 55: average Loss: 103.701803
2021-12-14 14:39: Train Epoch 56: 0/167 Loss: 101.812859
2021-12-14 14:40: Train Epoch 56: 20/167 Loss: 103.069153
2021-12-14 14:41: Train Epoch 56: 40/167 Loss: 95.832420
2021-12-14 14:42: Train Epoch 56: 60/167 Loss: 89.250320
2021-12-14 14:43: Train Epoch 56: 80/167 Loss: 91.823486
2021-12-14 14:44: Train Epoch 56: 100/167 Loss: 89.752625
2021-12-14 14:45: Train Epoch 56: 120/167 Loss: 88.371887
2021-12-14 14:46: Train Epoch 56: 140/167 Loss: 87.803986
2021-12-14 14:47: Train Epoch 56: 160/167 Loss: 85.189423
2021-12-14 14:48: **********Train Epoch 56: averaged Loss: 93.488130, tf_ratio: 1.000000
2021-12-14 14:49: **********Val Epoch 56: average Loss: 90.952017
2021-12-14 14:49: ******Current best model saved:model_para/PEMSD8/epoch_56.pth!
2021-12-14 14:49: Train Epoch 57: 0/167 Loss: 90.151039
2021-12-14 14:50: Train Epoch 57: 20/167 Loss: 87.489662
2021-12-14 14:51: Train Epoch 57: 40/167 Loss: 87.941841
2021-12-14 14:52: Train Epoch 57: 60/167 Loss: 84.197159
2021-12-14 14:53: Train Epoch 57: 80/167 Loss: 82.112778
2021-12-14 14:54: Train Epoch 57: 100/167 Loss: 87.309761
2021-12-14 14:55: Train Epoch 57: 120/167 Loss: 92.193207
2021-12-14 14:56: Train Epoch 57: 140/167 Loss: 83.262825
