2021-12-02 13:49: Experiment log path in: /content/drive/My Drive/traffic2/traffic_predict-main/AGCRN-master/model/experiments/PEMSD8/20211202134939
2021-12-02 13:49: Train Epoch 1: 0/167 Loss: 223.516769
2021-12-02 13:49: Train Epoch 1: 20/167 Loss: 224.988480
2021-12-02 13:50: Train Epoch 1: 40/167 Loss: 222.098160
2021-12-02 13:50: Train Epoch 1: 60/167 Loss: 217.219574
2021-12-02 13:50: Train Epoch 1: 80/167 Loss: 222.302368
2021-12-02 13:50: Train Epoch 1: 100/167 Loss: 218.500137
2021-12-02 13:51: Train Epoch 1: 120/167 Loss: 217.833344
2021-12-02 13:51: Train Epoch 1: 140/167 Loss: 218.466736
2021-12-02 13:51: Train Epoch 1: 160/167 Loss: 199.889969
2021-12-02 13:51: **********Train Epoch 1: averaged Loss: 219.313349, tf_ratio: 1.000000
2021-12-02 13:51: **********Val Epoch 1: average Loss: 211.813163
2021-12-02 13:51: *********************************Current best model saved!
2021-12-02 13:51: Train Epoch 2: 0/167 Loss: 205.553452
2021-12-02 13:51: Train Epoch 2: 20/167 Loss: 190.493393
2021-12-02 13:52: Train Epoch 2: 40/167 Loss: 211.695984
2021-12-02 13:52: Train Epoch 2: 60/167 Loss: 214.857330
2021-12-02 13:52: Train Epoch 2: 80/167 Loss: 202.828339
2021-12-02 13:52: Train Epoch 2: 100/167 Loss: 203.289993
2021-12-02 13:53: Train Epoch 2: 120/167 Loss: 216.586609
2021-12-02 13:53: Train Epoch 2: 140/167 Loss: 193.492294
2021-12-02 13:53: Train Epoch 2: 160/167 Loss: 197.343552
2021-12-02 13:53: **********Train Epoch 2: averaged Loss: 199.334738, tf_ratio: 1.000000
2021-12-02 13:53: **********Val Epoch 2: average Loss: 192.762527
2021-12-02 13:53: *********************************Current best model saved!
2021-12-02 13:53: Train Epoch 3: 0/167 Loss: 194.507431
2021-12-02 13:53: Train Epoch 3: 20/167 Loss: 177.471909
2021-12-02 13:54: Train Epoch 3: 40/167 Loss: 182.466934
2021-12-02 13:54: Train Epoch 3: 60/167 Loss: 183.104858
2021-12-02 13:54: Train Epoch 3: 80/167 Loss: 189.246002
2021-12-02 13:54: Train Epoch 3: 100/167 Loss: 188.964371
2021-12-02 13:55: Train Epoch 3: 120/167 Loss: 176.632462
2021-12-02 13:55: Train Epoch 3: 140/167 Loss: 173.176132
2021-12-02 13:55: Train Epoch 3: 160/167 Loss: 184.800537
2021-12-02 13:55: **********Train Epoch 3: averaged Loss: 180.797974, tf_ratio: 1.000000
2021-12-02 13:55: **********Val Epoch 3: average Loss: 174.259861
2021-12-02 13:55: *********************************Current best model saved!
2021-12-02 13:55: Train Epoch 4: 0/167 Loss: 180.161255
2021-12-02 13:56: Train Epoch 4: 20/167 Loss: 169.219940
2021-12-02 13:56: Train Epoch 4: 40/167 Loss: 164.848175
2021-12-02 13:56: Train Epoch 4: 60/167 Loss: 165.702103
2021-12-02 13:56: Train Epoch 4: 80/167 Loss: 163.645538
2021-12-02 13:56: Train Epoch 4: 100/167 Loss: 153.807724
2021-12-02 13:57: Train Epoch 4: 120/167 Loss: 151.095657
2021-12-02 13:57: Train Epoch 4: 140/167 Loss: 169.016403
2021-12-02 13:57: Train Epoch 4: 160/167 Loss: 159.660660
2021-12-02 13:57: **********Train Epoch 4: averaged Loss: 162.761216, tf_ratio: 1.000000
2021-12-02 13:57: **********Val Epoch 4: average Loss: 156.306834
2021-12-02 13:57: *********************************Current best model saved!
2021-12-02 13:57: Train Epoch 5: 0/167 Loss: 148.297150
2021-12-02 13:58: Train Epoch 5: 20/167 Loss: 148.685669
2021-12-02 13:58: Train Epoch 5: 40/167 Loss: 145.586197
2021-12-02 13:58: Train Epoch 5: 60/167 Loss: 136.530426
2021-12-02 13:58: Train Epoch 5: 80/167 Loss: 145.145477
2021-12-02 13:58: Train Epoch 5: 100/167 Loss: 142.562759
2021-12-02 13:59: Train Epoch 5: 120/167 Loss: 143.811859
2021-12-02 13:59: Train Epoch 5: 140/167 Loss: 150.016983
2021-12-02 13:59: Train Epoch 5: 160/167 Loss: 131.397278
2021-12-02 13:59: **********Train Epoch 5: averaged Loss: 145.564483, tf_ratio: 1.000000
2021-12-02 13:59: **********Val Epoch 5: average Loss: 139.526410
2021-12-02 13:59: *********************************Current best model saved!
2021-12-02 13:59: Train Epoch 6: 0/167 Loss: 144.681168
2021-12-02 14:00: Train Epoch 6: 20/167 Loss: 135.338364
2021-12-02 14:00: Train Epoch 6: 40/167 Loss: 130.654388
2021-12-02 14:00: Train Epoch 6: 60/167 Loss: 135.584320
2021-12-02 14:00: Train Epoch 6: 80/167 Loss: 137.639618
2021-12-02 14:00: Train Epoch 6: 100/167 Loss: 146.256622
2021-12-02 14:01: Train Epoch 6: 120/167 Loss: 130.413177
2021-12-02 14:01: Train Epoch 6: 140/167 Loss: 136.190567
2021-12-02 14:01: Train Epoch 6: 160/167 Loss: 135.102325
2021-12-02 14:01: **********Train Epoch 6: averaged Loss: 135.071356, tf_ratio: 1.000000
2021-12-02 14:01: **********Val Epoch 6: average Loss: 134.849664
2021-12-02 14:01: *********************************Current best model saved!
2021-12-02 14:01: Train Epoch 7: 0/167 Loss: 131.616577
2021-12-02 14:02: Train Epoch 7: 20/167 Loss: 132.292099
2021-12-02 14:02: Train Epoch 7: 40/167 Loss: 122.057930
2021-12-02 14:02: Train Epoch 7: 60/167 Loss: 121.843559
2021-12-02 14:02: Train Epoch 7: 80/167 Loss: 126.827980
2021-12-02 14:03: Train Epoch 7: 100/167 Loss: 123.752335
2021-12-02 14:03: Train Epoch 7: 120/167 Loss: 125.289497
2021-12-02 14:03: Train Epoch 7: 140/167 Loss: 133.490128
2021-12-02 14:03: Train Epoch 7: 160/167 Loss: 126.446396
2021-12-02 14:03: **********Train Epoch 7: averaged Loss: 130.560159, tf_ratio: 1.000000
2021-12-02 14:03: **********Val Epoch 7: average Loss: 130.348404
2021-12-02 14:03: *********************************Current best model saved!
2021-12-02 14:03: Train Epoch 8: 0/167 Loss: 127.575539
2021-12-02 14:04: Train Epoch 8: 20/167 Loss: 133.907883
2021-12-02 14:04: Train Epoch 8: 40/167 Loss: 133.384262
2021-12-02 14:04: Train Epoch 8: 60/167 Loss: 125.449959
2021-12-02 14:04: Train Epoch 8: 80/167 Loss: 130.106293
2021-12-02 14:05: Train Epoch 8: 100/167 Loss: 127.618172
2021-12-02 14:05: Train Epoch 8: 120/167 Loss: 124.278778
2021-12-02 14:05: Train Epoch 8: 140/167 Loss: 125.804634
2021-12-02 14:05: Train Epoch 8: 160/167 Loss: 117.864670
2021-12-02 14:05: **********Train Epoch 8: averaged Loss: 126.260050, tf_ratio: 1.000000
2021-12-02 14:05: **********Val Epoch 8: average Loss: 126.080557
2021-12-02 14:05: *********************************Current best model saved!
2021-12-02 14:05: Train Epoch 9: 0/167 Loss: 131.234940
2021-12-02 14:06: Train Epoch 9: 20/167 Loss: 119.046852
2021-12-02 14:06: Train Epoch 9: 40/167 Loss: 128.046341
2021-12-02 14:06: Train Epoch 9: 60/167 Loss: 119.483147
2021-12-02 14:06: Train Epoch 9: 80/167 Loss: 117.203148
2021-12-02 14:07: Train Epoch 9: 100/167 Loss: 120.282272
2021-12-02 14:07: Train Epoch 9: 120/167 Loss: 119.208443
2021-12-02 14:07: Train Epoch 9: 140/167 Loss: 120.428101
2021-12-02 14:07: Train Epoch 9: 160/167 Loss: 123.939369
2021-12-02 14:07: **********Train Epoch 9: averaged Loss: 122.198540, tf_ratio: 1.000000
2021-12-02 14:07: **********Val Epoch 9: average Loss: 122.083821
2021-12-02 14:07: *********************************Current best model saved!
2021-12-02 14:08: Train Epoch 10: 0/167 Loss: 109.250809
2021-12-02 14:08: Train Epoch 10: 20/167 Loss: 115.627052
2021-12-02 14:08: Train Epoch 10: 40/167 Loss: 120.852493
2021-12-02 14:08: Train Epoch 10: 60/167 Loss: 111.593826
2021-12-02 14:08: Train Epoch 10: 80/167 Loss: 119.683609
2021-12-02 14:09: Train Epoch 10: 100/167 Loss: 114.245499
2021-12-02 14:09: Train Epoch 10: 120/167 Loss: 131.598175
2021-12-02 14:09: Train Epoch 10: 140/167 Loss: 110.175331
2021-12-02 14:09: Train Epoch 10: 160/167 Loss: 112.803154
2021-12-02 14:09: **********Train Epoch 10: averaged Loss: 118.438371, tf_ratio: 1.000000
2021-12-02 14:10: **********Val Epoch 10: average Loss: 118.378906
2021-12-02 14:10: *********************************Current best model saved!
2021-12-02 14:10: Train Epoch 11: 0/167 Loss: 114.046921
2021-12-02 14:10: Train Epoch 11: 20/167 Loss: 119.697197
2021-12-02 14:10: Train Epoch 11: 40/167 Loss: 127.640327
2021-12-02 14:10: Train Epoch 11: 60/167 Loss: 110.627930
2021-12-02 14:10: Train Epoch 11: 80/167 Loss: 126.223015
2021-12-02 14:11: Train Epoch 11: 100/167 Loss: 114.932869
2021-12-02 14:11: Train Epoch 11: 120/167 Loss: 116.106659
2021-12-02 14:11: Train Epoch 11: 140/167 Loss: 108.685150
2021-12-02 14:11: Train Epoch 11: 160/167 Loss: 112.187752
2021-12-02 14:11: **********Train Epoch 11: averaged Loss: 114.973946, tf_ratio: 1.000000
2021-12-02 14:12: **********Val Epoch 11: average Loss: 114.994736
2021-12-02 14:12: *********************************Current best model saved!
2021-12-02 14:12: Train Epoch 12: 0/167 Loss: 114.751396
2021-12-02 14:12: Train Epoch 12: 20/167 Loss: 121.038605
2021-12-02 14:12: Train Epoch 12: 40/167 Loss: 106.545677
2021-12-02 14:12: Train Epoch 12: 60/167 Loss: 115.779022
2021-12-02 14:12: Train Epoch 12: 80/167 Loss: 110.132164
2021-12-02 14:13: Train Epoch 12: 100/167 Loss: 107.750954
2021-12-02 14:13: Train Epoch 12: 120/167 Loss: 112.295990
2021-12-02 14:13: Train Epoch 12: 140/167 Loss: 101.786926
2021-12-02 14:13: Train Epoch 12: 160/167 Loss: 110.407822
2021-12-02 14:13: **********Train Epoch 12: averaged Loss: 111.825934, tf_ratio: 1.000000
2021-12-02 14:14: **********Val Epoch 12: average Loss: 111.966009
2021-12-02 14:14: *********************************Current best model saved!
2021-12-02 14:14: Train Epoch 13: 0/167 Loss: 107.883057
2021-12-02 14:14: Train Epoch 13: 20/167 Loss: 115.096001
2021-12-02 14:14: Train Epoch 13: 40/167 Loss: 105.494232
2021-12-02 14:14: Train Epoch 13: 60/167 Loss: 105.032249
2021-12-02 14:14: Train Epoch 13: 80/167 Loss: 105.530365
2021-12-02 14:15: Train Epoch 13: 100/167 Loss: 112.756767
2021-12-02 14:15: Train Epoch 13: 120/167 Loss: 113.157486
2021-12-02 14:15: Train Epoch 13: 140/167 Loss: 106.582695
2021-12-02 14:15: Train Epoch 13: 160/167 Loss: 108.057037
2021-12-02 14:15: **********Train Epoch 13: averaged Loss: 109.047395, tf_ratio: 1.000000
2021-12-02 14:16: **********Val Epoch 13: average Loss: 109.321204
2021-12-02 14:16: *********************************Current best model saved!
2021-12-02 14:16: Train Epoch 14: 0/167 Loss: 109.016129
2021-12-02 14:16: Train Epoch 14: 20/167 Loss: 107.476082
2021-12-02 14:16: Train Epoch 14: 40/167 Loss: 113.884506
2021-12-02 14:16: Train Epoch 14: 60/167 Loss: 104.018097
2021-12-02 14:16: Train Epoch 14: 80/167 Loss: 109.585052
2021-12-02 14:17: Train Epoch 14: 100/167 Loss: 101.011147
2021-12-02 14:17: Train Epoch 14: 120/167 Loss: 103.785255
2021-12-02 14:17: Train Epoch 14: 140/167 Loss: 105.175682
2021-12-02 14:17: Train Epoch 14: 160/167 Loss: 103.816917
2021-12-02 14:17: **********Train Epoch 14: averaged Loss: 106.639074, tf_ratio: 1.000000
2021-12-02 14:18: **********Val Epoch 14: average Loss: 107.053067
2021-12-02 14:18: *********************************Current best model saved!
2021-12-02 14:18: Train Epoch 15: 0/167 Loss: 104.711861
2021-12-02 14:18: Train Epoch 15: 20/167 Loss: 107.193565
2021-12-02 14:18: Train Epoch 15: 40/167 Loss: 108.254478
2021-12-02 14:18: Train Epoch 15: 60/167 Loss: 106.734001
2021-12-02 14:19: Train Epoch 15: 80/167 Loss: 105.386063
2021-12-02 14:19: Train Epoch 15: 100/167 Loss: 100.010101
2021-12-02 14:19: Train Epoch 15: 120/167 Loss: 105.070076
2021-12-02 14:19: Train Epoch 15: 140/167 Loss: 104.279846
2021-12-02 14:19: Train Epoch 15: 160/167 Loss: 99.287376
2021-12-02 14:19: **********Train Epoch 15: averaged Loss: 104.570396, tf_ratio: 1.000000
2021-12-02 14:20: **********Val Epoch 15: average Loss: 105.131580
2021-12-02 14:20: *********************************Current best model saved!
2021-12-02 14:20: Train Epoch 16: 0/167 Loss: 104.663612
2021-12-02 14:20: Train Epoch 16: 20/167 Loss: 99.409279
2021-12-02 14:20: Train Epoch 16: 40/167 Loss: 109.210144
2021-12-02 14:20: Train Epoch 16: 60/167 Loss: 102.209167
2021-12-02 14:21: Train Epoch 16: 80/167 Loss: 103.488014
2021-12-02 14:21: Train Epoch 16: 100/167 Loss: 105.170174
2021-12-02 14:21: Train Epoch 16: 120/167 Loss: 100.699211
2021-12-02 14:21: Train Epoch 16: 140/167 Loss: 97.002960
2021-12-02 14:21: Train Epoch 16: 160/167 Loss: 102.294151
2021-12-02 14:21: **********Train Epoch 16: averaged Loss: 102.815421, tf_ratio: 1.000000
2021-12-02 14:22: **********Val Epoch 16: average Loss: 103.513940
2021-12-02 14:22: *********************************Current best model saved!
2021-12-02 14:22: Train Epoch 17: 0/167 Loss: 102.784897
2021-12-02 14:22: Train Epoch 17: 20/167 Loss: 101.699936
2021-12-02 14:22: Train Epoch 17: 40/167 Loss: 105.104080
2021-12-02 14:22: Train Epoch 17: 60/167 Loss: 100.969727
2021-12-02 14:23: Train Epoch 17: 80/167 Loss: 98.967140
2021-12-02 14:23: Train Epoch 17: 100/167 Loss: 102.603340
2021-12-02 14:23: Train Epoch 17: 120/167 Loss: 100.886772
2021-12-02 14:23: Train Epoch 17: 140/167 Loss: 104.113594
2021-12-02 14:23: Train Epoch 17: 160/167 Loss: 105.777824
2021-12-02 14:23: **********Train Epoch 17: averaged Loss: 101.348575, tf_ratio: 1.000000
2021-12-02 14:24: **********Val Epoch 17: average Loss: 102.137592
2021-12-02 14:24: *********************************Current best model saved!
2021-12-02 14:24: Train Epoch 18: 0/167 Loss: 100.395081
2021-12-02 14:24: Train Epoch 18: 20/167 Loss: 101.888405
2021-12-02 14:24: Train Epoch 18: 40/167 Loss: 103.185143
2021-12-02 14:24: Train Epoch 18: 60/167 Loss: 99.672646
2021-12-02 14:25: Train Epoch 18: 80/167 Loss: 98.580826
2021-12-02 14:25: Train Epoch 18: 100/167 Loss: 100.061401
2021-12-02 14:25: Train Epoch 18: 120/167 Loss: 97.587151
2021-12-02 14:25: Train Epoch 18: 140/167 Loss: 98.137657
2021-12-02 14:25: Train Epoch 18: 160/167 Loss: 97.137154
2021-12-02 14:26: **********Train Epoch 18: averaged Loss: 100.111341, tf_ratio: 1.000000
2021-12-02 14:26: **********Val Epoch 18: average Loss: 100.979284
2021-12-02 14:26: *********************************Current best model saved!
2021-12-02 14:26: Train Epoch 19: 0/167 Loss: 96.739357
2021-12-02 14:26: Train Epoch 19: 20/167 Loss: 98.989685
2021-12-02 14:26: Train Epoch 19: 40/167 Loss: 103.657654
2021-12-02 14:26: Train Epoch 19: 60/167 Loss: 102.428505
2021-12-02 14:27: Train Epoch 19: 80/167 Loss: 100.433289
2021-12-02 14:27: Train Epoch 19: 100/167 Loss: 97.674942
2021-12-02 14:27: Train Epoch 19: 120/167 Loss: 91.949905
2021-12-02 14:27: Train Epoch 19: 140/167 Loss: 93.414978
2021-12-02 14:27: Train Epoch 19: 160/167 Loss: 99.663651
2021-12-02 14:28: **********Train Epoch 19: averaged Loss: 99.061089, tf_ratio: 1.000000
2021-12-02 14:28: **********Val Epoch 19: average Loss: 99.986605
2021-12-02 14:28: *********************************Current best model saved!
2021-12-02 14:28: Train Epoch 20: 0/167 Loss: 96.414406
2021-12-02 14:28: Train Epoch 20: 20/167 Loss: 98.770958
2021-12-02 14:28: Train Epoch 20: 40/167 Loss: 97.046158
2021-12-02 14:28: Train Epoch 20: 60/167 Loss: 99.307182
2021-12-02 14:29: Train Epoch 20: 80/167 Loss: 96.755028
2021-12-02 14:29: Train Epoch 20: 100/167 Loss: 96.830429
2021-12-02 14:29: Train Epoch 20: 120/167 Loss: 97.660530
2021-12-02 14:29: Train Epoch 20: 140/167 Loss: 95.830963
2021-12-02 14:29: Train Epoch 20: 160/167 Loss: 99.484535
2021-12-02 14:30: **********Train Epoch 20: averaged Loss: 98.177553, tf_ratio: 1.000000
2021-12-02 14:30: **********Val Epoch 20: average Loss: 99.154191
2021-12-02 14:30: *********************************Current best model saved!
2021-12-02 14:30: Train Epoch 21: 0/167 Loss: 97.749817
2021-12-02 14:30: Train Epoch 21: 20/167 Loss: 96.761772
2021-12-02 14:30: Train Epoch 21: 40/167 Loss: 97.606392
2021-12-02 14:30: Train Epoch 21: 60/167 Loss: 99.331741
2021-12-02 14:31: Train Epoch 21: 80/167 Loss: 98.259621
2021-12-02 14:31: Train Epoch 21: 100/167 Loss: 97.787056
2021-12-02 14:31: Train Epoch 21: 120/167 Loss: 96.128067
2021-12-02 14:31: Train Epoch 21: 140/167 Loss: 93.715073
2021-12-02 14:32: Train Epoch 21: 160/167 Loss: 94.945595
2021-12-02 14:32: **********Train Epoch 21: averaged Loss: 97.675381, tf_ratio: 1.000000
2021-12-02 14:32: **********Val Epoch 21: average Loss: 98.928816
2021-12-02 14:32: *********************************Current best model saved!
2021-12-02 14:32: Train Epoch 22: 0/167 Loss: 97.260345
2021-12-02 14:32: Train Epoch 22: 20/167 Loss: 92.730598
2021-12-02 14:32: Train Epoch 22: 40/167 Loss: 91.747742
2021-12-02 14:32: Train Epoch 22: 60/167 Loss: 97.064812
2021-12-02 14:33: Train Epoch 22: 80/167 Loss: 94.914780
2021-12-02 14:33: Train Epoch 22: 100/167 Loss: 97.957962
2021-12-02 14:33: Train Epoch 22: 120/167 Loss: 102.239868
2021-12-02 14:33: Train Epoch 22: 140/167 Loss: 99.136063
2021-12-02 14:34: Train Epoch 22: 160/167 Loss: 99.820549
2021-12-02 14:34: **********Train Epoch 22: averaged Loss: 97.463323, tf_ratio: 1.000000
2021-12-02 14:34: **********Val Epoch 22: average Loss: 98.707129
2021-12-02 14:34: *********************************Current best model saved!
2021-12-02 14:34: Train Epoch 23: 0/167 Loss: 97.704727
2021-12-02 14:34: Train Epoch 23: 20/167 Loss: 98.416580
2021-12-02 14:34: Train Epoch 23: 40/167 Loss: 96.902718
2021-12-02 14:34: Train Epoch 23: 60/167 Loss: 98.732193
2021-12-02 14:35: Train Epoch 23: 80/167 Loss: 95.614601
2021-12-02 14:35: Train Epoch 23: 100/167 Loss: 97.602928
2021-12-02 14:35: Train Epoch 23: 120/167 Loss: 96.278542
2021-12-02 14:35: Train Epoch 23: 140/167 Loss: 97.300362
2021-12-02 14:36: Train Epoch 23: 160/167 Loss: 96.833862
2021-12-02 14:36: **********Train Epoch 23: averaged Loss: 97.251393, tf_ratio: 1.000000
2021-12-02 14:36: **********Val Epoch 23: average Loss: 98.489342
2021-12-02 14:36: *********************************Current best model saved!
2021-12-02 14:36: Train Epoch 24: 0/167 Loss: 99.255058
2021-12-02 14:36: Train Epoch 24: 20/167 Loss: 96.781693
2021-12-02 14:36: Train Epoch 24: 40/167 Loss: 93.488579
2021-12-02 14:36: Train Epoch 24: 60/167 Loss: 98.187263
2021-12-02 14:37: Train Epoch 24: 80/167 Loss: 96.873932
2021-12-02 14:37: Train Epoch 24: 100/167 Loss: 100.406944
2021-12-02 14:37: Train Epoch 24: 120/167 Loss: 99.087524
2021-12-02 14:37: Train Epoch 24: 140/167 Loss: 93.573578
2021-12-02 14:38: Train Epoch 24: 160/167 Loss: 94.709671
2021-12-02 14:38: **********Train Epoch 24: averaged Loss: 97.039868, tf_ratio: 1.000000
2021-12-02 14:38: **********Val Epoch 24: average Loss: 98.277607
2021-12-02 14:38: *********************************Current best model saved!
2021-12-02 14:38: Train Epoch 25: 0/167 Loss: 93.293327
2021-12-02 14:38: Train Epoch 25: 20/167 Loss: 97.209763
2021-12-02 14:38: Train Epoch 25: 40/167 Loss: 94.163574
