2022-01-04 05:53: Experiment log path in: /kaggle/working/traffic_predict/AGCRN-master/model/experiments/PEMSD8/20220104055313
2022-01-04 05:53: Train Epoch 51: 0/167 Loss: 20.939302
2022-01-04 05:53: Train Epoch 51: 20/167 Loss: 18.388508
2022-01-04 05:53: Train Epoch 51: 40/167 Loss: 17.502211
2022-01-04 05:53: Train Epoch 51: 60/167 Loss: 15.788388
2022-01-04 05:53: Train Epoch 51: 80/167 Loss: 15.408824
2022-01-04 05:53: Train Epoch 51: 100/167 Loss: 15.673119
2022-01-04 05:53: Train Epoch 51: 120/167 Loss: 16.526880
2022-01-04 05:53: Train Epoch 51: 140/167 Loss: 16.419966
2022-01-04 05:54: Train Epoch 51: 160/167 Loss: 15.626955
2022-01-04 05:54: **********Train Epoch 51: averaged Loss: 17.583133, tf_ratio: 1.000000
2022-01-04 05:54: **********Val Epoch 51: average Loss: 17.223683
2022-01-04 05:54: ******Current best model saved:model_para/PEMSD8/epoch_51.pth!
2022-01-04 05:54: Train Epoch 52: 0/167 Loss: 15.638119
2022-01-04 05:54: Train Epoch 52: 20/167 Loss: 15.754112
2022-01-04 05:54: Train Epoch 52: 40/167 Loss: 16.466503
2022-01-04 05:54: Train Epoch 52: 60/167 Loss: 16.626743
2022-01-04 05:54: Train Epoch 52: 80/167 Loss: 17.649387
2022-01-04 05:54: Train Epoch 52: 100/167 Loss: 15.966250
2022-01-04 05:54: Train Epoch 52: 120/167 Loss: 16.191675
2022-01-04 05:54: Train Epoch 52: 140/167 Loss: 17.046560
2022-01-04 05:54: Train Epoch 52: 160/167 Loss: 16.647818
2022-01-04 05:54: **********Train Epoch 52: averaged Loss: 16.502437, tf_ratio: 1.000000
2022-01-04 05:55: **********Val Epoch 52: average Loss: 17.748299
2022-01-04 05:55: Train Epoch 53: 0/167 Loss: 17.300947
2022-01-04 05:55: Train Epoch 53: 20/167 Loss: 16.571461
2022-01-04 05:55: Train Epoch 53: 40/167 Loss: 16.861334
2022-01-04 05:55: Train Epoch 53: 60/167 Loss: 17.097065
2022-01-04 05:55: Train Epoch 53: 80/167 Loss: 16.244493
2022-01-04 05:55: Train Epoch 53: 100/167 Loss: 16.592466
2022-01-04 05:55: Train Epoch 53: 120/167 Loss: 17.011265
2022-01-04 05:55: Train Epoch 53: 140/167 Loss: 15.690610
2022-01-04 05:55: Train Epoch 53: 160/167 Loss: 16.003149
2022-01-04 05:55: **********Train Epoch 53: averaged Loss: 16.354654, tf_ratio: 1.000000
2022-01-04 05:55: **********Val Epoch 53: average Loss: 17.565998
2022-01-04 05:55: Train Epoch 54: 0/167 Loss: 16.178211
2022-01-04 05:56: Train Epoch 54: 20/167 Loss: 16.109947
2022-01-04 05:56: Train Epoch 54: 40/167 Loss: 15.857180
2022-01-04 05:56: Train Epoch 54: 60/167 Loss: 16.938965
2022-01-04 05:56: Train Epoch 54: 80/167 Loss: 16.646936
2022-01-04 05:56: Train Epoch 54: 100/167 Loss: 18.237480
2022-01-04 05:56: Train Epoch 54: 120/167 Loss: 17.125469
2022-01-04 05:56: Train Epoch 54: 140/167 Loss: 17.587410
2022-01-04 05:56: Train Epoch 54: 160/167 Loss: 14.812554
2022-01-04 05:56: **********Train Epoch 54: averaged Loss: 16.525383, tf_ratio: 1.000000
2022-01-04 05:56: **********Val Epoch 54: average Loss: 17.048406
2022-01-04 05:56: ******Current best model saved:model_para/PEMSD8/epoch_54.pth!
2022-01-04 05:56: Train Epoch 55: 0/167 Loss: 15.459865
2022-01-04 05:56: Train Epoch 55: 20/167 Loss: 16.388424
2022-01-04 05:57: Train Epoch 55: 40/167 Loss: 17.855152
2022-01-04 05:57: Train Epoch 55: 60/167 Loss: 16.574686
2022-01-04 05:57: Train Epoch 55: 80/167 Loss: 16.605331
2022-01-04 05:57: Train Epoch 55: 100/167 Loss: 16.566645
2022-01-04 05:57: Train Epoch 55: 120/167 Loss: 15.236965
2022-01-04 05:57: Train Epoch 55: 140/167 Loss: 16.748287
2022-01-04 05:57: Train Epoch 55: 160/167 Loss: 16.450420
2022-01-04 05:57: **********Train Epoch 55: averaged Loss: 16.348193, tf_ratio: 1.000000
2022-01-04 05:57: **********Val Epoch 55: average Loss: 17.785959
2022-01-04 05:57: Train Epoch 56: 0/167 Loss: 16.108253
2022-01-04 05:57: Train Epoch 56: 20/167 Loss: 17.177088
2022-01-04 05:57: Train Epoch 56: 40/167 Loss: 15.636030
2022-01-04 05:58: Train Epoch 56: 60/167 Loss: 15.973343
2022-01-04 05:58: Train Epoch 56: 80/167 Loss: 15.434328
2022-01-04 05:58: Train Epoch 56: 100/167 Loss: 15.703038
2022-01-04 05:58: Train Epoch 56: 120/167 Loss: 16.053782
2022-01-04 05:58: Train Epoch 56: 140/167 Loss: 15.308624
2022-01-04 05:58: Train Epoch 56: 160/167 Loss: 15.959407
2022-01-04 05:58: **********Train Epoch 56: averaged Loss: 16.207194, tf_ratio: 1.000000
2022-01-04 05:58: **********Val Epoch 56: average Loss: 16.944463
2022-01-04 05:58: ******Current best model saved:model_para/PEMSD8/epoch_56.pth!
2022-01-04 05:58: Train Epoch 57: 0/167 Loss: 16.518042
2022-01-04 05:58: Train Epoch 57: 20/167 Loss: 16.276918
2022-01-04 05:58: Train Epoch 57: 40/167 Loss: 16.646833
2022-01-04 05:58: Train Epoch 57: 60/167 Loss: 17.013237
2022-01-04 05:59: Train Epoch 57: 80/167 Loss: 16.192463
2022-01-04 05:59: Train Epoch 57: 100/167 Loss: 15.931787
2022-01-04 05:59: Train Epoch 57: 120/167 Loss: 15.007396
2022-01-04 05:59: Train Epoch 57: 140/167 Loss: 17.914516
2022-01-04 05:59: Train Epoch 57: 160/167 Loss: 16.727793
2022-01-04 05:59: **********Train Epoch 57: averaged Loss: 16.561303, tf_ratio: 1.000000
2022-01-04 05:59: **********Val Epoch 57: average Loss: 18.592094
2022-01-04 05:59: Train Epoch 58: 0/167 Loss: 16.956457
2022-01-04 05:59: Train Epoch 58: 20/167 Loss: 17.001665
2022-01-04 05:59: Train Epoch 58: 40/167 Loss: 17.856270
2022-01-04 05:59: Train Epoch 58: 60/167 Loss: 15.922954
2022-01-04 06:00: Train Epoch 58: 80/167 Loss: 16.804218
2022-01-04 06:00: Train Epoch 58: 100/167 Loss: 17.391626
2022-01-04 06:00: Train Epoch 58: 120/167 Loss: 15.260154
2022-01-04 06:00: Train Epoch 58: 140/167 Loss: 16.392445
2022-01-04 06:00: Train Epoch 58: 160/167 Loss: 17.168615
2022-01-04 06:00: **********Train Epoch 58: averaged Loss: 16.661990, tf_ratio: 1.000000
2022-01-04 06:00: **********Val Epoch 58: average Loss: 17.003442
2022-01-04 06:00: Train Epoch 59: 0/167 Loss: 16.259132
2022-01-04 06:00: Train Epoch 59: 20/167 Loss: 16.155821
2022-01-04 06:00: Train Epoch 59: 40/167 Loss: 17.480186
2022-01-04 06:00: Train Epoch 59: 60/167 Loss: 15.561756
2022-01-04 06:00: Train Epoch 59: 80/167 Loss: 17.417000
2022-01-04 06:01: Train Epoch 59: 100/167 Loss: 16.381855
2022-01-04 06:01: Train Epoch 59: 120/167 Loss: 15.708817
2022-01-04 06:01: Train Epoch 59: 140/167 Loss: 15.690390
2022-01-04 06:01: Train Epoch 59: 160/167 Loss: 15.489027
2022-01-04 06:01: **********Train Epoch 59: averaged Loss: 16.304485, tf_ratio: 1.000000
2022-01-04 06:01: **********Val Epoch 59: average Loss: 16.974158
2022-01-04 06:01: Train Epoch 60: 0/167 Loss: 14.780913
2022-01-04 06:01: Train Epoch 60: 20/167 Loss: 15.790494
2022-01-04 06:01: Train Epoch 60: 40/167 Loss: 15.225098
2022-01-04 06:01: Train Epoch 60: 60/167 Loss: 17.040400
2022-01-04 06:01: Train Epoch 60: 80/167 Loss: 16.519472
2022-01-04 06:01: Train Epoch 60: 100/167 Loss: 15.477996
2022-01-04 06:02: Train Epoch 60: 120/167 Loss: 16.787207
2022-01-04 06:02: Train Epoch 60: 140/167 Loss: 16.885012
2022-01-04 06:02: Train Epoch 60: 160/167 Loss: 16.904177
2022-01-04 06:02: **********Train Epoch 60: averaged Loss: 16.474484, tf_ratio: 1.000000
2022-01-04 06:02: **********Val Epoch 60: average Loss: 17.737682
2022-01-04 06:02: Train Epoch 61: 0/167 Loss: 16.970736
2022-01-04 06:02: Train Epoch 61: 20/167 Loss: 16.627977
2022-01-04 06:02: Train Epoch 61: 40/167 Loss: 16.668211
2022-01-04 06:02: Train Epoch 61: 60/167 Loss: 16.558601
2022-01-04 06:02: Train Epoch 61: 80/167 Loss: 15.709110
2022-01-04 06:02: Train Epoch 61: 100/167 Loss: 15.347919
2022-01-04 06:02: Train Epoch 61: 120/167 Loss: 17.297127
2022-01-04 06:03: Train Epoch 61: 140/167 Loss: 18.730412
2022-01-04 06:03: Train Epoch 61: 160/167 Loss: 15.327195
2022-01-04 06:03: **********Train Epoch 61: averaged Loss: 16.749866, tf_ratio: 1.000000
2022-01-04 06:03: **********Val Epoch 61: average Loss: 19.137329
2022-01-04 06:03: Train Epoch 62: 0/167 Loss: 18.460955
2022-01-04 06:03: Train Epoch 62: 20/167 Loss: 18.239737
2022-01-04 06:03: Train Epoch 62: 40/167 Loss: 17.182077
2022-01-04 06:03: Train Epoch 62: 60/167 Loss: 17.062534
2022-01-04 06:03: Train Epoch 62: 80/167 Loss: 15.450850
2022-01-04 06:03: Train Epoch 62: 100/167 Loss: 16.386517
2022-01-04 06:03: Train Epoch 62: 120/167 Loss: 17.078386
2022-01-04 06:03: Train Epoch 62: 140/167 Loss: 16.493191
2022-01-04 06:04: Train Epoch 62: 160/167 Loss: 16.341284
2022-01-04 06:04: **********Train Epoch 62: averaged Loss: 17.130851, tf_ratio: 1.000000
2022-01-04 06:04: **********Val Epoch 62: average Loss: 17.433009
2022-01-04 06:04: Train Epoch 63: 0/167 Loss: 17.481030
2022-01-04 06:04: Train Epoch 63: 20/167 Loss: 16.950373
2022-01-04 06:04: Train Epoch 63: 40/167 Loss: 16.888615
2022-01-04 06:04: Train Epoch 63: 60/167 Loss: 16.164024
2022-01-04 06:04: Train Epoch 63: 80/167 Loss: 16.697014
2022-01-04 06:04: Train Epoch 63: 100/167 Loss: 17.126682
2022-01-04 06:04: Train Epoch 63: 120/167 Loss: 16.442671
2022-01-04 06:04: Train Epoch 63: 140/167 Loss: 16.330280
2022-01-04 06:04: Train Epoch 63: 160/167 Loss: 18.426973
2022-01-04 06:04: **********Train Epoch 63: averaged Loss: 16.591033, tf_ratio: 1.000000
2022-01-04 06:05: **********Val Epoch 63: average Loss: 19.136562
2022-01-04 06:05: Train Epoch 64: 0/167 Loss: 19.330904
2022-01-04 06:05: Train Epoch 64: 20/167 Loss: 16.648365
2022-01-04 06:05: Train Epoch 64: 40/167 Loss: 17.356407
2022-01-04 06:05: Train Epoch 64: 60/167 Loss: 17.123808
2022-01-04 06:05: Train Epoch 64: 80/167 Loss: 18.125828
2022-01-04 06:05: Train Epoch 64: 100/167 Loss: 16.732876
2022-01-04 06:05: Train Epoch 64: 120/167 Loss: 17.347595
2022-01-04 06:05: Train Epoch 64: 140/167 Loss: 17.378773
2022-01-04 06:05: Train Epoch 64: 160/167 Loss: 16.314302
2022-01-04 06:05: **********Train Epoch 64: averaged Loss: 17.244387, tf_ratio: 1.000000
2022-01-04 06:05: **********Val Epoch 64: average Loss: 17.621684
2022-01-04 06:05: Train Epoch 65: 0/167 Loss: 17.612387
2022-01-04 06:06: Train Epoch 65: 20/167 Loss: 16.196056
2022-01-04 06:06: Train Epoch 65: 40/167 Loss: 16.230423
2022-01-04 06:06: Train Epoch 65: 60/167 Loss: 16.561171
2022-01-04 06:06: Train Epoch 65: 80/167 Loss: 16.872814
2022-01-04 06:06: Train Epoch 65: 100/167 Loss: 16.205315
2022-01-04 06:06: Train Epoch 65: 120/167 Loss: 16.833305
2022-01-04 06:06: Train Epoch 65: 140/167 Loss: 16.264742
2022-01-04 06:06: Train Epoch 65: 160/167 Loss: 16.630136
2022-01-04 06:06: **********Train Epoch 65: averaged Loss: 16.488947, tf_ratio: 1.000000
2022-01-04 06:06: **********Val Epoch 65: average Loss: 17.421218
2022-01-04 06:06: Train Epoch 66: 0/167 Loss: 17.127104
2022-01-04 06:07: Train Epoch 66: 20/167 Loss: 16.466204
2022-01-04 06:07: Train Epoch 66: 40/167 Loss: 15.734678
2022-01-04 06:07: Train Epoch 66: 60/167 Loss: 14.953389
2022-01-04 06:07: Train Epoch 66: 80/167 Loss: 16.578341
2022-01-04 06:07: Train Epoch 66: 100/167 Loss: 16.597347
2022-01-04 06:07: Train Epoch 66: 120/167 Loss: 16.453739
2022-01-04 06:07: Train Epoch 66: 140/167 Loss: 16.751774
2022-01-04 06:07: Train Epoch 66: 160/167 Loss: 16.039503
2022-01-04 06:07: **********Train Epoch 66: averaged Loss: 16.242532, tf_ratio: 1.000000
2022-01-04 06:07: **********Val Epoch 66: average Loss: 17.018409
2022-01-04 06:07: Train Epoch 67: 0/167 Loss: 15.743352
2022-01-04 06:07: Train Epoch 67: 20/167 Loss: 16.763367
2022-01-04 06:08: Train Epoch 67: 40/167 Loss: 15.944227
2022-01-04 06:08: Train Epoch 67: 60/167 Loss: 15.933227
2022-01-04 06:08: Train Epoch 67: 80/167 Loss: 15.348542
2022-01-04 06:08: Train Epoch 67: 100/167 Loss: 16.944225
2022-01-04 06:08: Train Epoch 67: 120/167 Loss: 16.219955
2022-01-04 06:08: Train Epoch 67: 140/167 Loss: 17.069183
2022-01-04 06:08: Train Epoch 67: 160/167 Loss: 16.647840
2022-01-04 06:08: **********Train Epoch 67: averaged Loss: 16.151798, tf_ratio: 1.000000
2022-01-04 06:08: **********Val Epoch 67: average Loss: 16.939924
2022-01-04 06:08: ******Current best model saved:model_para/PEMSD8/epoch_67.pth!
2022-01-04 06:08: Train Epoch 68: 0/167 Loss: 15.403458
2022-01-04 06:08: Train Epoch 68: 20/167 Loss: 16.032091
2022-01-04 06:08: Train Epoch 68: 40/167 Loss: 16.534472
2022-01-04 06:09: Train Epoch 68: 60/167 Loss: 16.706282
2022-01-04 06:09: Train Epoch 68: 80/167 Loss: 16.355263
2022-01-04 06:09: Train Epoch 68: 100/167 Loss: 15.799328
2022-01-04 06:09: Train Epoch 68: 120/167 Loss: 16.963945
2022-01-04 06:09: Train Epoch 68: 140/167 Loss: 16.008099
2022-01-04 06:09: Train Epoch 68: 160/167 Loss: 15.556501
2022-01-04 06:09: **********Train Epoch 68: averaged Loss: 16.065594, tf_ratio: 1.000000
2022-01-04 06:09: **********Val Epoch 68: average Loss: 16.881054
2022-01-04 06:09: ******Current best model saved:model_para/PEMSD8/epoch_68.pth!
2022-01-04 06:09: Train Epoch 69: 0/167 Loss: 15.253385
2022-01-04 06:09: Train Epoch 69: 20/167 Loss: 15.801246
2022-01-04 06:09: Train Epoch 69: 40/167 Loss: 15.865932
2022-01-04 06:09: Train Epoch 69: 60/167 Loss: 17.156174
2022-01-04 06:10: Train Epoch 69: 80/167 Loss: 37.639908
2022-01-04 06:10: Train Epoch 69: 100/167 Loss: 31.467119
2022-01-04 06:10: Train Epoch 69: 120/167 Loss: 28.250340
2022-01-04 06:10: Train Epoch 69: 140/167 Loss: 27.078869
2022-01-04 06:10: Train Epoch 69: 160/167 Loss: 22.542534
2022-01-04 06:10: **********Train Epoch 69: averaged Loss: 24.101717, tf_ratio: 1.000000
2022-01-04 06:10: **********Val Epoch 69: average Loss: 26.540566
2022-01-04 06:10: Train Epoch 70: 0/167 Loss: 24.301767
2022-01-04 06:10: Train Epoch 70: 20/167 Loss: 27.853666
2022-01-04 06:10: Train Epoch 70: 40/167 Loss: 33.013794
2022-01-04 06:10: Train Epoch 70: 60/167 Loss: 28.071352
2022-01-04 06:10: Train Epoch 70: 80/167 Loss: 27.710104
2022-01-04 06:11: Train Epoch 70: 100/167 Loss: 26.536701
2022-01-04 06:11: Train Epoch 70: 120/167 Loss: 25.256268
2022-01-04 06:11: Train Epoch 70: 140/167 Loss: 25.366577
2022-01-04 06:11: Train Epoch 70: 160/167 Loss: 22.787945
2022-01-04 06:11: **********Train Epoch 70: averaged Loss: 27.509223, tf_ratio: 1.000000
2022-01-04 06:11: **********Val Epoch 70: average Loss: 24.608565
2022-01-04 06:11: Train Epoch 71: 0/167 Loss: 22.811533
2022-01-04 06:11: Train Epoch 71: 20/167 Loss: 24.804451
2022-01-04 06:11: Train Epoch 71: 40/167 Loss: 23.520123
2022-01-04 06:11: Train Epoch 71: 60/167 Loss: 21.521753
2022-01-04 06:11: Train Epoch 71: 80/167 Loss: 24.176840
2022-01-04 06:11: Train Epoch 71: 100/167 Loss: 22.410934
2022-01-04 06:12: Train Epoch 71: 120/167 Loss: 23.737459
2022-01-04 06:12: Train Epoch 71: 140/167 Loss: 22.854332
2022-01-04 06:12: Train Epoch 71: 160/167 Loss: 23.330902
2022-01-04 06:12: **********Train Epoch 71: averaged Loss: 22.642333, tf_ratio: 1.000000
2022-01-04 06:12: **********Val Epoch 71: average Loss: 21.969243
2022-01-04 06:12: Train Epoch 72: 0/167 Loss: 21.437408
2022-01-04 06:12: Train Epoch 72: 20/167 Loss: 21.300055
2022-01-04 06:12: Train Epoch 72: 40/167 Loss: 21.067997
2022-01-04 06:12: Train Epoch 72: 60/167 Loss: 23.049477
2022-01-04 06:12: Train Epoch 72: 80/167 Loss: 27.356190
2022-01-04 06:12: Train Epoch 72: 100/167 Loss: 25.126568
2022-01-04 06:12: Train Epoch 72: 120/167 Loss: 22.936865
2022-01-04 06:13: Train Epoch 72: 140/167 Loss: 22.204317
2022-01-04 06:13: Train Epoch 72: 160/167 Loss: 24.573082
2022-01-04 06:13: **********Train Epoch 72: averaged Loss: 23.201724, tf_ratio: 1.000000
2022-01-04 06:13: **********Val Epoch 72: average Loss: 26.197074
2022-01-04 06:13: Train Epoch 73: 0/167 Loss: 25.585102
2022-01-04 06:13: Train Epoch 73: 20/167 Loss: 22.579947
2022-01-04 06:13: Train Epoch 73: 40/167 Loss: 20.714437
2022-01-04 06:13: Train Epoch 73: 60/167 Loss: 21.587263
2022-01-04 06:13: Train Epoch 73: 80/167 Loss: 21.792543
2022-01-04 06:13: Train Epoch 73: 100/167 Loss: 21.484083
2022-01-04 06:13: Train Epoch 73: 120/167 Loss: 21.178045
2022-01-04 06:13: Train Epoch 73: 140/167 Loss: 20.723995
2022-01-04 06:14: Train Epoch 73: 160/167 Loss: 19.336353
2022-01-04 06:14: **********Train Epoch 73: averaged Loss: 21.729268, tf_ratio: 1.000000
2022-01-04 06:14: **********Val Epoch 73: average Loss: 21.105919
2022-01-04 06:14: Train Epoch 74: 0/167 Loss: 20.759073
2022-01-04 06:14: Train Epoch 74: 20/167 Loss: 19.405167
2022-01-04 06:14: Train Epoch 74: 40/167 Loss: 19.655695
2022-01-04 06:14: Train Epoch 74: 60/167 Loss: 18.392786
2022-01-04 06:14: Train Epoch 74: 80/167 Loss: 19.909992
2022-01-04 06:14: Train Epoch 74: 100/167 Loss: 19.523357
2022-01-04 06:14: Train Epoch 74: 120/167 Loss: 19.836819
2022-01-04 06:14: Train Epoch 74: 140/167 Loss: 18.287191
2022-01-04 06:14: Train Epoch 74: 160/167 Loss: 20.249765
2022-01-04 06:15: **********Train Epoch 74: averaged Loss: 20.252737, tf_ratio: 1.000000
2022-01-04 06:15: **********Val Epoch 74: average Loss: 20.915083
2022-01-04 06:15: Train Epoch 75: 0/167 Loss: 19.595577
2022-01-04 06:15: Train Epoch 75: 20/167 Loss: 18.529264
2022-01-04 06:15: Train Epoch 75: 40/167 Loss: 19.204256
2022-01-04 06:15: Train Epoch 75: 60/167 Loss: 20.630939
2022-01-04 06:15: Train Epoch 75: 80/167 Loss: 20.133802
2022-01-04 06:15: Train Epoch 75: 100/167 Loss: 19.189770
2022-01-04 06:15: Train Epoch 75: 120/167 Loss: 20.275263
2022-01-04 06:15: Train Epoch 75: 140/167 Loss: 19.222427
2022-01-04 06:15: Train Epoch 75: 160/167 Loss: 19.427843
2022-01-04 06:15: **********Train Epoch 75: averaged Loss: 20.170092, tf_ratio: 1.000000
2022-01-04 06:16: **********Val Epoch 75: average Loss: 20.047182
2022-01-04 06:16: Train Epoch 76: 0/167 Loss: 18.591728
2022-01-04 06:16: Train Epoch 76: 20/167 Loss: 21.767679
2022-01-04 06:16: Train Epoch 76: 40/167 Loss: 20.578346
2022-01-04 06:16: Train Epoch 76: 60/167 Loss: 19.204746
2022-01-04 06:16: Train Epoch 76: 80/167 Loss: 19.272171
2022-01-04 06:16: Train Epoch 76: 100/167 Loss: 20.128252
2022-01-04 06:16: Train Epoch 76: 120/167 Loss: 20.102600
2022-01-04 06:16: Train Epoch 76: 140/167 Loss: 19.709036
2022-01-04 06:16: Train Epoch 76: 160/167 Loss: 18.113312
2022-01-04 06:16: **********Train Epoch 76: averaged Loss: 19.630512, tf_ratio: 1.000000
2022-01-04 06:16: **********Val Epoch 76: average Loss: 20.010707
2022-01-04 06:16: Train Epoch 77: 0/167 Loss: 18.681993
2022-01-04 06:17: Train Epoch 77: 20/167 Loss: 21.039515
2022-01-04 06:17: Train Epoch 77: 40/167 Loss: 19.819073
2022-01-04 06:17: Train Epoch 77: 60/167 Loss: 19.235069
2022-01-04 06:17: Train Epoch 77: 80/167 Loss: 18.890059
2022-01-04 06:17: Train Epoch 77: 100/167 Loss: 18.679562
2022-01-04 06:17: Train Epoch 77: 120/167 Loss: 18.089979
2022-01-04 06:17: Train Epoch 77: 140/167 Loss: 19.404903
2022-01-04 06:17: Train Epoch 77: 160/167 Loss: 19.468758
2022-01-04 06:17: **********Train Epoch 77: averaged Loss: 19.312478, tf_ratio: 1.000000
2022-01-04 06:17: **********Val Epoch 77: average Loss: 19.686805
2022-01-04 06:17: Train Epoch 78: 0/167 Loss: 20.194323
2022-01-04 06:17: Train Epoch 78: 20/167 Loss: 19.237011
2022-01-04 06:18: Train Epoch 78: 40/167 Loss: 18.499416
2022-01-04 06:18: Train Epoch 78: 60/167 Loss: 18.358946
2022-01-04 06:18: Train Epoch 78: 80/167 Loss: 18.586765
2022-01-04 06:18: Train Epoch 78: 100/167 Loss: 18.500778
2022-01-04 06:18: Train Epoch 78: 120/167 Loss: 18.840734
2022-01-04 06:18: Train Epoch 78: 140/167 Loss: 19.955357
2022-01-04 06:18: Train Epoch 78: 160/167 Loss: 19.312223
2022-01-04 06:18: **********Train Epoch 78: averaged Loss: 18.972892, tf_ratio: 1.000000
2022-01-04 06:18: **********Val Epoch 78: average Loss: 20.042356
2022-01-04 06:18: Train Epoch 79: 0/167 Loss: 17.832676
2022-01-04 06:18: Train Epoch 79: 20/167 Loss: 17.690672
2022-01-04 06:18: Train Epoch 79: 40/167 Loss: 19.656916
2022-01-04 06:19: Train Epoch 79: 60/167 Loss: 17.923986
2022-01-04 06:19: Train Epoch 79: 80/167 Loss: 20.392879
2022-01-04 06:19: Train Epoch 79: 100/167 Loss: 18.401737
2022-01-04 06:19: Train Epoch 79: 120/167 Loss: 19.045938
2022-01-04 06:19: Train Epoch 79: 140/167 Loss: 18.577770
2022-01-04 06:19: Train Epoch 79: 160/167 Loss: 18.618900
2022-01-04 06:19: **********Train Epoch 79: averaged Loss: 18.699991, tf_ratio: 1.000000
2022-01-04 06:19: **********Val Epoch 79: average Loss: 19.182953
2022-01-04 06:19: Train Epoch 80: 0/167 Loss: 18.734867
2022-01-04 06:19: Train Epoch 80: 20/167 Loss: 19.723227
2022-01-04 06:19: Train Epoch 80: 40/167 Loss: 77.530060
2022-01-04 06:19: Train Epoch 80: 60/167 Loss: 46.930557
2022-01-04 06:20: Train Epoch 80: 80/167 Loss: 48.421623
2022-01-04 06:20: Train Epoch 80: 100/167 Loss: 42.323761
2022-01-04 06:20: Train Epoch 80: 120/167 Loss: 40.826706
2022-01-04 06:20: Train Epoch 80: 140/167 Loss: 33.258137
2022-01-04 06:20: Train Epoch 80: 160/167 Loss: 32.643707
2022-01-04 06:20: **********Train Epoch 80: averaged Loss: 41.818378, tf_ratio: 1.000000
2022-01-04 06:20: **********Val Epoch 80: average Loss: 32.169934
2022-01-04 06:20: Train Epoch 81: 0/167 Loss: 30.162325
2022-01-04 06:20: Train Epoch 81: 20/167 Loss: 32.847107
2022-01-04 06:20: Train Epoch 81: 40/167 Loss: 29.472172
2022-01-04 06:20: Train Epoch 81: 60/167 Loss: 30.523468
2022-01-04 06:20: Train Epoch 81: 80/167 Loss: 31.989386
2022-01-04 06:21: Train Epoch 81: 100/167 Loss: 30.484045
2022-01-04 06:21: Train Epoch 81: 120/167 Loss: 38.274384
2022-01-04 06:21: Train Epoch 81: 140/167 Loss: 34.317181
2022-01-04 06:21: Train Epoch 81: 160/167 Loss: 32.168953
2022-01-04 06:21: **********Train Epoch 81: averaged Loss: 32.444081, tf_ratio: 1.000000
2022-01-04 06:21: **********Val Epoch 81: average Loss: 32.432084
2022-01-04 06:21: Train Epoch 82: 0/167 Loss: 30.431320
2022-01-04 06:21: Train Epoch 82: 20/167 Loss: 29.250101
2022-01-04 06:21: Train Epoch 82: 40/167 Loss: 29.738998
2022-01-04 06:21: Train Epoch 82: 60/167 Loss: 28.075960
2022-01-04 06:21: Train Epoch 82: 80/167 Loss: 29.994617
2022-01-04 06:21: Train Epoch 82: 100/167 Loss: 28.615891
2022-01-04 06:22: Train Epoch 82: 120/167 Loss: 26.089375
2022-01-04 06:22: Train Epoch 82: 140/167 Loss: 27.374306
2022-01-04 06:22: Train Epoch 82: 160/167 Loss: 25.836548
2022-01-04 06:22: **********Train Epoch 82: averaged Loss: 28.104328, tf_ratio: 1.000000
2022-01-04 06:22: **********Val Epoch 82: average Loss: 27.927552
2022-01-04 06:22: Train Epoch 83: 0/167 Loss: 26.205351
2022-01-04 06:22: Train Epoch 83: 20/167 Loss: 25.951139
2022-01-04 06:22: Train Epoch 83: 40/167 Loss: 25.920605
2022-01-04 06:22: Train Epoch 83: 60/167 Loss: 23.891878
2022-01-04 06:22: Train Epoch 83: 80/167 Loss: 27.246243
2022-01-04 06:22: Train Epoch 83: 100/167 Loss: 26.767044
2022-01-04 06:22: Train Epoch 83: 120/167 Loss: 25.949514
2022-01-04 06:23: Train Epoch 83: 140/167 Loss: 25.735044
2022-01-04 06:23: Train Epoch 83: 160/167 Loss: 25.924608
2022-01-04 06:23: **********Train Epoch 83: averaged Loss: 25.903902, tf_ratio: 1.000000
2022-01-04 06:23: **********Val Epoch 83: average Loss: 26.581738
2022-01-04 06:23: Train Epoch 84: 0/167 Loss: 23.838013
2022-01-04 06:23: Train Epoch 84: 20/167 Loss: 24.663271
2022-01-04 06:23: Train Epoch 84: 40/167 Loss: 24.254080
2022-01-04 06:23: Train Epoch 84: 60/167 Loss: 24.988375
2022-01-04 06:23: Train Epoch 84: 80/167 Loss: 24.562269
2022-01-04 06:23: Train Epoch 84: 100/167 Loss: 26.587774
2022-01-04 06:23: Train Epoch 84: 120/167 Loss: 25.178083
2022-01-04 06:24: Train Epoch 84: 140/167 Loss: 25.481647
2022-01-04 06:24: Train Epoch 84: 160/167 Loss: 26.109505
2022-01-04 06:24: **********Train Epoch 84: averaged Loss: 25.228553, tf_ratio: 1.000000
2022-01-04 06:24: **********Val Epoch 84: average Loss: 25.155632
2022-01-04 06:24: Train Epoch 85: 0/167 Loss: 25.631824
2022-01-04 06:24: Train Epoch 85: 20/167 Loss: 24.227913
2022-01-04 06:24: Train Epoch 85: 40/167 Loss: 27.135265
2022-01-04 06:24: Train Epoch 85: 60/167 Loss: 25.170771
2022-01-04 06:24: Train Epoch 85: 80/167 Loss: 22.272366
2022-01-04 06:24: Train Epoch 85: 100/167 Loss: 24.605722
2022-01-04 06:24: Train Epoch 85: 120/167 Loss: 23.202724
2022-01-04 06:24: Train Epoch 85: 140/167 Loss: 23.924009
2022-01-04 06:25: Train Epoch 85: 160/167 Loss: 24.422132
2022-01-04 06:25: **********Train Epoch 85: averaged Loss: 24.480922, tf_ratio: 1.000000
2022-01-04 06:25: **********Val Epoch 85: average Loss: 24.662637
2022-01-04 06:25: Train Epoch 86: 0/167 Loss: 22.383421
2022-01-04 06:25: Train Epoch 86: 20/167 Loss: 24.440617
2022-01-04 06:25: Train Epoch 86: 40/167 Loss: 23.856789
2022-01-04 06:25: Train Epoch 86: 60/167 Loss: 22.721207
2022-01-04 06:25: Train Epoch 86: 80/167 Loss: 25.042290
2022-01-04 06:25: Train Epoch 86: 100/167 Loss: 24.310423
2022-01-04 06:25: Train Epoch 86: 120/167 Loss: 24.733755
2022-01-04 06:25: Train Epoch 86: 140/167 Loss: 22.539976
2022-01-04 06:25: Train Epoch 86: 160/167 Loss: 23.433342
2022-01-04 06:25: **********Train Epoch 86: averaged Loss: 23.744919, tf_ratio: 1.000000
2022-01-04 06:26: **********Val Epoch 86: average Loss: 23.948848
2022-01-04 06:26: Train Epoch 87: 0/167 Loss: 23.695288
2022-01-04 06:26: Train Epoch 87: 20/167 Loss: 24.800978
2022-01-04 06:26: Train Epoch 87: 40/167 Loss: 23.635687
2022-01-04 06:26: Train Epoch 87: 60/167 Loss: 23.079359
2022-01-04 06:26: Train Epoch 87: 80/167 Loss: 21.703447
2022-01-04 06:26: Train Epoch 87: 100/167 Loss: 20.852907
2022-01-04 06:26: Train Epoch 87: 120/167 Loss: 25.474195
2022-01-04 06:26: Train Epoch 87: 140/167 Loss: 22.370308
2022-01-04 06:26: Train Epoch 87: 160/167 Loss: 23.587126
2022-01-04 06:26: **********Train Epoch 87: averaged Loss: 23.571765, tf_ratio: 1.000000
2022-01-04 06:26: **********Val Epoch 87: average Loss: 23.459048
2022-01-04 06:26: Train Epoch 88: 0/167 Loss: 23.965673
2022-01-04 06:27: Train Epoch 88: 20/167 Loss: 24.178181
2022-01-04 06:27: Train Epoch 88: 40/167 Loss: 22.750690
2022-01-04 06:27: Train Epoch 88: 60/167 Loss: 22.423512
2022-01-04 06:27: Train Epoch 88: 80/167 Loss: 21.946379
2022-01-04 06:27: Train Epoch 88: 100/167 Loss: 23.318777
2022-01-04 06:27: Train Epoch 88: 120/167 Loss: 23.412718
2022-01-04 06:27: Train Epoch 88: 140/167 Loss: 22.435337
2022-01-04 06:27: Train Epoch 88: 160/167 Loss: 23.138689
2022-01-04 06:27: **********Train Epoch 88: averaged Loss: 22.970549, tf_ratio: 1.000000
2022-01-04 06:27: **********Val Epoch 88: average Loss: 24.382130
2022-01-04 06:27: Train Epoch 89: 0/167 Loss: 23.898884
2022-01-04 06:27: Train Epoch 89: 20/167 Loss: 24.841244
2022-01-04 06:28: Train Epoch 89: 40/167 Loss: 22.796749
2022-01-04 06:28: Train Epoch 89: 60/167 Loss: 21.641499
2022-01-04 06:28: Train Epoch 89: 80/167 Loss: 22.836432
2022-01-04 06:28: Train Epoch 89: 100/167 Loss: 22.300051
2022-01-04 06:28: Train Epoch 89: 120/167 Loss: 21.790411
2022-01-04 06:28: Train Epoch 89: 140/167 Loss: 22.063282
2022-01-04 06:28: Train Epoch 89: 160/167 Loss: 23.239428
2022-01-04 06:28: **********Train Epoch 89: averaged Loss: 22.450164, tf_ratio: 1.000000
2022-01-04 06:28: **********Val Epoch 89: average Loss: 23.030777
2022-01-04 06:28: Train Epoch 90: 0/167 Loss: 22.821371
2022-01-04 06:28: Train Epoch 90: 20/167 Loss: 23.374130
2022-01-04 06:28: Train Epoch 90: 40/167 Loss: 23.808025
2022-01-04 06:29: Train Epoch 90: 60/167 Loss: 20.957336
2022-01-04 06:29: Train Epoch 90: 80/167 Loss: 21.937037
2022-01-04 06:29: Train Epoch 90: 100/167 Loss: 23.270636
2022-01-04 06:29: Train Epoch 90: 120/167 Loss: 21.503399
2022-01-04 06:29: Train Epoch 90: 140/167 Loss: 21.644823
2022-01-04 06:29: Train Epoch 90: 160/167 Loss: 25.318403
2022-01-04 06:29: **********Train Epoch 90: averaged Loss: 22.442631, tf_ratio: 1.000000
2022-01-04 06:29: **********Val Epoch 90: average Loss: 23.813957
2022-01-04 06:29: Train Epoch 91: 0/167 Loss: 22.777555
2022-01-04 06:29: Train Epoch 91: 20/167 Loss: 21.985779
2022-01-04 06:29: Train Epoch 91: 40/167 Loss: 21.962738
2022-01-04 06:29: Train Epoch 91: 60/167 Loss: 24.158745
2022-01-04 06:30: Train Epoch 91: 80/167 Loss: 21.624142
2022-01-04 06:30: Train Epoch 91: 100/167 Loss: 23.341715
2022-01-04 06:30: Train Epoch 91: 120/167 Loss: 21.951927
2022-01-04 06:30: Train Epoch 91: 140/167 Loss: 21.981678
2022-01-04 06:30: Train Epoch 91: 160/167 Loss: 20.839603
2022-01-04 06:30: **********Train Epoch 91: averaged Loss: 22.040249, tf_ratio: 1.000000
2022-01-04 06:30: **********Val Epoch 91: average Loss: 22.266615
2022-01-04 06:30: Train Epoch 92: 0/167 Loss: 20.663664
2022-01-04 06:30: Train Epoch 92: 20/167 Loss: 23.192236
2022-01-04 06:30: Train Epoch 92: 40/167 Loss: 21.820452
2022-01-04 06:30: Train Epoch 92: 60/167 Loss: 21.188955
2022-01-04 06:30: Train Epoch 92: 80/167 Loss: 20.819693
2022-01-04 06:31: Train Epoch 92: 100/167 Loss: 19.898945
2022-01-04 06:31: Train Epoch 92: 120/167 Loss: 21.583563
2022-01-04 06:31: Train Epoch 92: 140/167 Loss: 21.890371
2022-01-04 06:31: Train Epoch 92: 160/167 Loss: 21.209097
2022-01-04 06:31: **********Train Epoch 92: averaged Loss: 21.600288, tf_ratio: 1.000000
2022-01-04 06:31: **********Val Epoch 92: average Loss: 22.079730
2022-01-04 06:31: Train Epoch 93: 0/167 Loss: 20.058102
2022-01-04 06:31: Train Epoch 93: 20/167 Loss: 21.692989
2022-01-04 06:31: Train Epoch 93: 40/167 Loss: 21.875093
2022-01-04 06:31: Train Epoch 93: 60/167 Loss: 21.350533
2022-01-04 06:31: Train Epoch 93: 80/167 Loss: 21.586609
2022-01-04 06:31: Train Epoch 93: 100/167 Loss: 22.251169
2022-01-04 06:32: Train Epoch 93: 120/167 Loss: 22.068579
2022-01-04 06:32: Train Epoch 93: 140/167 Loss: 20.790064
2022-01-04 06:32: Train Epoch 93: 160/167 Loss: 22.974316
2022-01-04 06:32: **********Train Epoch 93: averaged Loss: 21.488692, tf_ratio: 1.000000
2022-01-04 06:32: **********Val Epoch 93: average Loss: 21.693809
2022-01-04 06:32: Train Epoch 94: 0/167 Loss: 21.074163
2022-01-04 06:32: Train Epoch 94: 20/167 Loss: 20.336802
2022-01-04 06:32: Train Epoch 94: 40/167 Loss: 20.867943
2022-01-04 06:32: Train Epoch 94: 60/167 Loss: 21.586981
2022-01-04 06:32: Train Epoch 94: 80/167 Loss: 22.712191
2022-01-04 06:32: Train Epoch 94: 100/167 Loss: 19.939384
2022-01-04 06:33: Train Epoch 94: 120/167 Loss: 19.895514
2022-01-04 06:33: Train Epoch 94: 140/167 Loss: 20.339512
2022-01-04 06:33: Train Epoch 94: 160/167 Loss: 22.797064
2022-01-04 06:33: **********Train Epoch 94: averaged Loss: 21.402498, tf_ratio: 1.000000
2022-01-04 06:33: **********Val Epoch 94: average Loss: 21.840483
2022-01-04 06:33: Train Epoch 95: 0/167 Loss: 21.833220
2022-01-04 06:33: Train Epoch 95: 20/167 Loss: 20.139191
2022-01-04 06:33: Train Epoch 95: 40/167 Loss: 20.508512
2022-01-04 06:33: Train Epoch 95: 60/167 Loss: 20.910999
2022-01-04 06:33: Train Epoch 95: 80/167 Loss: 19.431280
2022-01-04 06:33: Train Epoch 95: 100/167 Loss: 21.019766
2022-01-04 06:33: Train Epoch 95: 120/167 Loss: 19.956684
2022-01-04 06:34: Train Epoch 95: 140/167 Loss: 22.673145
2022-01-04 06:34: Train Epoch 95: 160/167 Loss: 18.710770
2022-01-04 06:34: **********Train Epoch 95: averaged Loss: 21.180741, tf_ratio: 1.000000
2022-01-04 06:34: **********Val Epoch 95: average Loss: 21.262856
2022-01-04 06:34: Train Epoch 96: 0/167 Loss: 21.172523
2022-01-04 06:34: Train Epoch 96: 20/167 Loss: 19.332809
2022-01-04 06:34: Train Epoch 96: 40/167 Loss: 20.208563
2022-01-04 06:34: Train Epoch 96: 60/167 Loss: 20.153101
2022-01-04 06:34: Train Epoch 96: 80/167 Loss: 21.073769
2022-01-04 06:34: Train Epoch 96: 100/167 Loss: 19.771889
2022-01-04 06:34: Train Epoch 96: 120/167 Loss: 20.791285
2022-01-04 06:34: Train Epoch 96: 140/167 Loss: 21.308842
2022-01-04 06:35: Train Epoch 96: 160/167 Loss: 21.914225
2022-01-04 06:35: **********Train Epoch 96: averaged Loss: 20.936061, tf_ratio: 1.000000
2022-01-04 06:35: **********Val Epoch 96: average Loss: 21.996417
2022-01-04 06:35: Train Epoch 97: 0/167 Loss: 21.375490
2022-01-04 06:35: Train Epoch 97: 20/167 Loss: 21.203463
2022-01-04 06:35: Train Epoch 97: 40/167 Loss: 20.314894
2022-01-04 06:35: Train Epoch 97: 60/167 Loss: 22.261349
2022-01-04 06:35: Train Epoch 97: 80/167 Loss: 21.215101
2022-01-04 06:35: Train Epoch 97: 100/167 Loss: 20.347849
2022-01-04 06:35: Train Epoch 97: 120/167 Loss: 19.927771
2022-01-04 06:35: Train Epoch 97: 140/167 Loss: 19.507748
2022-01-04 06:35: Train Epoch 97: 160/167 Loss: 20.432585
2022-01-04 06:35: **********Train Epoch 97: averaged Loss: 20.774794, tf_ratio: 1.000000
2022-01-04 06:36: **********Val Epoch 97: average Loss: 20.861616
2022-01-04 06:36: Train Epoch 98: 0/167 Loss: 20.483021
2022-01-04 06:36: Train Epoch 98: 20/167 Loss: 21.772228
2022-01-04 06:36: Train Epoch 98: 40/167 Loss: 19.976456
2022-01-04 06:36: Train Epoch 98: 60/167 Loss: 19.931784
2022-01-04 06:36: Train Epoch 98: 80/167 Loss: 20.665108
2022-01-04 06:36: Train Epoch 98: 100/167 Loss: 22.717493
2022-01-04 06:36: Train Epoch 98: 120/167 Loss: 21.933491
2022-01-04 06:36: Train Epoch 98: 140/167 Loss: 20.895298
2022-01-04 06:36: Train Epoch 98: 160/167 Loss: 20.457100
2022-01-04 06:36: **********Train Epoch 98: averaged Loss: 20.471870, tf_ratio: 1.000000
2022-01-04 06:36: **********Val Epoch 98: average Loss: 20.616806
2022-01-04 06:36: Train Epoch 99: 0/167 Loss: 18.816872
2022-01-04 06:37: Train Epoch 99: 20/167 Loss: 18.948948
2022-01-04 06:37: Train Epoch 99: 40/167 Loss: 21.627449
2022-01-04 06:37: Train Epoch 99: 60/167 Loss: 19.952486
2022-01-04 06:37: Train Epoch 99: 80/167 Loss: 20.087345
2022-01-04 06:37: Train Epoch 99: 100/167 Loss: 18.961874
2022-01-04 06:37: Train Epoch 99: 120/167 Loss: 19.544521
2022-01-04 06:37: Train Epoch 99: 140/167 Loss: 20.907244
2022-01-04 06:37: Train Epoch 99: 160/167 Loss: 18.775900
2022-01-04 06:37: **********Train Epoch 99: averaged Loss: 20.220167, tf_ratio: 1.000000
2022-01-04 06:37: **********Val Epoch 99: average Loss: 20.352949
2022-01-04 06:37: Train Epoch 100: 0/167 Loss: 20.975874
2022-01-04 06:37: Train Epoch 100: 20/167 Loss: 21.534578
2022-01-04 06:38: Train Epoch 100: 40/167 Loss: 18.777611
2022-01-04 06:38: Train Epoch 100: 60/167 Loss: 20.370501
2022-01-04 06:38: Train Epoch 100: 80/167 Loss: 19.450617
2022-01-04 06:38: Train Epoch 100: 100/167 Loss: 18.748203
2022-01-04 06:38: Train Epoch 100: 120/167 Loss: 20.295464
2022-01-04 06:38: Train Epoch 100: 140/167 Loss: 19.721340
2022-01-04 06:38: Train Epoch 100: 160/167 Loss: 18.509190
2022-01-04 06:38: **********Train Epoch 100: averaged Loss: 19.997795, tf_ratio: 1.000000
2022-01-04 06:38: **********Val Epoch 100: average Loss: 20.596949
2022-01-04 06:38: Train Epoch 101: 0/167 Loss: 18.853096
2022-01-04 06:38: Train Epoch 101: 20/167 Loss: 18.822702
2022-01-04 06:38: Train Epoch 101: 40/167 Loss: 19.844435
2022-01-04 06:39: Train Epoch 101: 60/167 Loss: 20.741760
2022-01-04 06:39: Train Epoch 101: 80/167 Loss: 18.902252
2022-01-04 06:39: Train Epoch 101: 100/167 Loss: 17.511559
2022-01-04 06:39: Train Epoch 101: 120/167 Loss: 19.151142
2022-01-04 06:39: Train Epoch 101: 140/167 Loss: 20.429356
2022-01-04 06:39: Train Epoch 101: 160/167 Loss: 20.276114
2022-01-04 06:39: **********Train Epoch 101: averaged Loss: 19.495047, tf_ratio: 1.000000
2022-01-04 06:39: **********Val Epoch 101: average Loss: 20.003811
2022-01-04 06:39: Train Epoch 102: 0/167 Loss: 21.199144
2022-01-04 06:39: Train Epoch 102: 20/167 Loss: 20.593817
2022-01-04 06:39: Train Epoch 102: 40/167 Loss: 19.431086
2022-01-04 06:39: Train Epoch 102: 60/167 Loss: 19.364361
2022-01-04 06:40: Train Epoch 102: 80/167 Loss: 19.937906
2022-01-04 06:40: Train Epoch 102: 100/167 Loss: 17.926601
2022-01-04 06:40: Train Epoch 102: 120/167 Loss: 19.186361
2022-01-04 06:40: Train Epoch 102: 140/167 Loss: 19.885290
2022-01-04 06:40: Train Epoch 102: 160/167 Loss: 19.025288
2022-01-04 06:40: **********Train Epoch 102: averaged Loss: 19.500621, tf_ratio: 1.000000
2022-01-04 06:40: **********Val Epoch 102: average Loss: 20.890978
2022-01-04 06:40: Train Epoch 103: 0/167 Loss: 19.740549
2022-01-04 06:40: Train Epoch 103: 20/167 Loss: 19.309814
2022-01-04 06:40: Train Epoch 103: 40/167 Loss: 17.785103
2022-01-04 06:40: Train Epoch 103: 60/167 Loss: 19.769300
2022-01-04 06:40: Train Epoch 103: 80/167 Loss: 20.691124
2022-01-04 06:41: Train Epoch 103: 100/167 Loss: 19.625765
2022-01-04 06:41: Train Epoch 103: 120/167 Loss: 20.879580
2022-01-04 06:41: Train Epoch 103: 140/167 Loss: 20.506815
2022-01-04 06:41: Train Epoch 103: 160/167 Loss: 20.192032
2022-01-04 06:41: **********Train Epoch 103: averaged Loss: 19.440402, tf_ratio: 1.000000
2022-01-04 06:41: **********Val Epoch 103: average Loss: 20.429624
2022-01-04 06:41: Train Epoch 104: 0/167 Loss: 20.255972
2022-01-04 06:41: Train Epoch 104: 20/167 Loss: 20.137207
2022-01-04 06:41: Train Epoch 104: 40/167 Loss: 18.156519
2022-01-04 06:41: Train Epoch 104: 60/167 Loss: 19.446011
2022-01-04 06:41: Train Epoch 104: 80/167 Loss: 18.855412
2022-01-04 06:42: Train Epoch 104: 100/167 Loss: 19.339006
2022-01-04 06:42: Train Epoch 104: 120/167 Loss: 19.009668
2022-01-04 06:42: Train Epoch 104: 140/167 Loss: 18.965622
2022-01-04 06:42: Train Epoch 104: 160/167 Loss: 19.311148
2022-01-04 06:42: **********Train Epoch 104: averaged Loss: 19.304328, tf_ratio: 1.000000
2022-01-04 06:42: **********Val Epoch 104: average Loss: 19.841204
2022-01-04 06:42: Train Epoch 105: 0/167 Loss: 20.062124
2022-01-04 06:42: Train Epoch 105: 20/167 Loss: 19.262112
2022-01-04 06:42: Train Epoch 105: 40/167 Loss: 18.953226
2022-01-04 06:42: Train Epoch 105: 60/167 Loss: 19.649178
2022-01-04 06:42: Train Epoch 105: 80/167 Loss: 19.591211
2022-01-04 06:42: Train Epoch 105: 100/167 Loss: 20.973955
2022-01-04 06:43: Train Epoch 105: 120/167 Loss: 18.359663
2022-01-04 06:43: Train Epoch 105: 140/167 Loss: 17.820665
2022-01-04 06:43: Train Epoch 105: 160/167 Loss: 19.815481
2022-01-04 06:43: **********Train Epoch 105: averaged Loss: 19.179999, tf_ratio: 1.000000
2022-01-04 06:43: **********Val Epoch 105: average Loss: 19.735968
2022-01-04 06:43: Train Epoch 106: 0/167 Loss: 19.080057
2022-01-04 06:43: Train Epoch 106: 20/167 Loss: 18.105434
2022-01-04 06:43: Train Epoch 106: 40/167 Loss: 18.743622
2022-01-04 06:43: Train Epoch 106: 60/167 Loss: 17.960178
2022-01-04 06:43: Train Epoch 106: 80/167 Loss: 19.380209
2022-01-04 06:43: Train Epoch 106: 100/167 Loss: 20.137056
2022-01-04 06:43: Train Epoch 106: 120/167 Loss: 19.514408
2022-01-04 06:44: Train Epoch 106: 140/167 Loss: 17.270739
2022-01-04 06:44: Train Epoch 106: 160/167 Loss: 20.157488
2022-01-04 06:44: **********Train Epoch 106: averaged Loss: 19.088743, tf_ratio: 1.000000
2022-01-04 06:44: **********Val Epoch 106: average Loss: 19.731960
2022-01-04 06:44: Train Epoch 107: 0/167 Loss: 19.246683
2022-01-04 06:44: Train Epoch 107: 20/167 Loss: 18.897657
2022-01-04 06:44: Train Epoch 107: 40/167 Loss: 19.575027
2022-01-04 06:44: Train Epoch 107: 60/167 Loss: 18.178379
2022-01-04 06:44: Train Epoch 107: 80/167 Loss: 19.056225
2022-01-04 06:44: Train Epoch 107: 100/167 Loss: 19.816706
2022-01-04 06:44: Train Epoch 107: 120/167 Loss: 18.098282
2022-01-04 06:44: Train Epoch 107: 140/167 Loss: 19.246571
2022-01-04 06:45: Train Epoch 107: 160/167 Loss: 19.406897
2022-01-04 06:45: **********Train Epoch 107: averaged Loss: 19.041975, tf_ratio: 1.000000
2022-01-04 06:45: **********Val Epoch 107: average Loss: 19.590718
2022-01-04 06:45: Train Epoch 108: 0/167 Loss: 19.253727
2022-01-04 06:45: Train Epoch 108: 20/167 Loss: 19.864687
2022-01-04 06:45: Train Epoch 108: 40/167 Loss: 19.562517
2022-01-04 06:45: Train Epoch 108: 60/167 Loss: 18.719536
2022-01-04 06:45: Train Epoch 108: 80/167 Loss: 18.729742
2022-01-04 06:45: Train Epoch 108: 100/167 Loss: 17.298952
2022-01-04 06:45: Train Epoch 108: 120/167 Loss: 17.509380
2022-01-04 06:45: Train Epoch 108: 140/167 Loss: 19.416748
2022-01-04 06:45: Train Epoch 108: 160/167 Loss: 17.415001
2022-01-04 06:45: **********Train Epoch 108: averaged Loss: 19.124390, tf_ratio: 1.000000
2022-01-04 06:46: **********Val Epoch 108: average Loss: 19.570775
2022-01-04 06:46: Train Epoch 109: 0/167 Loss: 18.919378
2022-01-04 06:46: Train Epoch 109: 20/167 Loss: 20.268326
2022-01-04 06:46: Train Epoch 109: 40/167 Loss: 18.663256
2022-01-04 06:46: Train Epoch 109: 60/167 Loss: 17.883821
2022-01-04 06:46: Train Epoch 109: 80/167 Loss: 19.049969
2022-01-04 06:46: Train Epoch 109: 100/167 Loss: 20.521654
2022-01-04 06:46: Train Epoch 109: 120/167 Loss: 18.995308
2022-01-04 06:46: Train Epoch 109: 140/167 Loss: 18.133537
2022-01-04 06:46: Train Epoch 109: 160/167 Loss: 18.012800
2022-01-04 06:46: **********Train Epoch 109: averaged Loss: 18.904519, tf_ratio: 1.000000
2022-01-04 06:46: **********Val Epoch 109: average Loss: 19.925854
2022-01-04 06:46: Train Epoch 110: 0/167 Loss: 19.895430
2022-01-04 06:47: Train Epoch 110: 20/167 Loss: 20.451660
2022-01-04 06:47: Train Epoch 110: 40/167 Loss: 18.789776
2022-01-04 06:47: Train Epoch 110: 60/167 Loss: 19.021496
2022-01-04 06:47: Train Epoch 110: 80/167 Loss: 19.985695
2022-01-04 06:47: Train Epoch 110: 100/167 Loss: 17.605190
2022-01-04 06:47: Train Epoch 110: 120/167 Loss: 18.475668
2022-01-04 06:47: Train Epoch 110: 140/167 Loss: 17.680462
2022-01-04 06:47: Train Epoch 110: 160/167 Loss: 19.320004
2022-01-04 06:47: **********Train Epoch 110: averaged Loss: 18.896035, tf_ratio: 1.000000
2022-01-04 06:47: **********Val Epoch 110: average Loss: 19.358756
2022-01-04 06:47: Train Epoch 111: 0/167 Loss: 18.430050
2022-01-04 06:47: Train Epoch 111: 20/167 Loss: 18.360655
2022-01-04 06:48: Train Epoch 111: 40/167 Loss: 18.830311
2022-01-04 06:48: Train Epoch 111: 60/167 Loss: 17.174866
2022-01-04 06:48: Train Epoch 111: 80/167 Loss: 18.707493
2022-01-04 06:48: Train Epoch 111: 100/167 Loss: 18.316368
2022-01-04 06:48: Train Epoch 111: 120/167 Loss: 18.718096
2022-01-04 06:48: Train Epoch 111: 140/167 Loss: 18.166151
2022-01-04 06:48: Train Epoch 111: 160/167 Loss: 17.838352
2022-01-04 06:48: **********Train Epoch 111: averaged Loss: 18.845562, tf_ratio: 1.000000
2022-01-04 06:48: **********Val Epoch 111: average Loss: 19.344933
2022-01-04 06:48: Train Epoch 112: 0/167 Loss: 17.692722
2022-01-04 06:48: Train Epoch 112: 20/167 Loss: 19.073572
2022-01-04 06:48: Train Epoch 112: 40/167 Loss: 20.055845
2022-01-04 06:49: Train Epoch 112: 60/167 Loss: 18.594934
2022-01-04 06:49: Train Epoch 112: 80/167 Loss: 20.668034
2022-01-04 06:49: Train Epoch 112: 100/167 Loss: 18.478945
2022-01-04 06:49: Train Epoch 112: 120/167 Loss: 19.212973
2022-01-04 06:49: Train Epoch 112: 140/167 Loss: 19.129335
2022-01-04 06:49: Train Epoch 112: 160/167 Loss: 18.678253
2022-01-04 06:49: **********Train Epoch 112: averaged Loss: 18.892471, tf_ratio: 1.000000
2022-01-04 06:49: **********Val Epoch 112: average Loss: 19.138330
2022-01-04 06:49: Train Epoch 113: 0/167 Loss: 18.010935
2022-01-04 06:49: Train Epoch 113: 20/167 Loss: 19.627605
2022-01-04 06:49: Train Epoch 113: 40/167 Loss: 17.869440
2022-01-04 06:50: Train Epoch 113: 60/167 Loss: 19.614225
2022-01-04 06:50: Train Epoch 113: 80/167 Loss: 18.834406
2022-01-04 06:50: Train Epoch 113: 100/167 Loss: 19.690325
2022-01-04 06:50: Train Epoch 113: 120/167 Loss: 17.729548
2022-01-04 06:50: Train Epoch 113: 140/167 Loss: 18.867617
2022-01-04 06:50: Train Epoch 113: 160/167 Loss: 17.898514
2022-01-04 06:50: **********Train Epoch 113: averaged Loss: 18.643862, tf_ratio: 1.000000
2022-01-04 06:50: **********Val Epoch 113: average Loss: 19.913262
2022-01-04 06:50: Train Epoch 114: 0/167 Loss: 17.879566
2022-01-04 06:50: Train Epoch 114: 20/167 Loss: 19.610487
2022-01-04 06:50: Train Epoch 114: 40/167 Loss: 19.999840
2022-01-04 06:50: Train Epoch 114: 60/167 Loss: 18.074259
2022-01-04 06:51: Train Epoch 114: 80/167 Loss: 18.529625
2022-01-04 06:51: Train Epoch 114: 100/167 Loss: 18.341272
2022-01-04 06:51: Train Epoch 114: 120/167 Loss: 17.833078
2022-01-04 06:51: Train Epoch 114: 140/167 Loss: 18.695957
2022-01-04 06:51: Train Epoch 114: 160/167 Loss: 17.970087
2022-01-04 06:51: **********Train Epoch 114: averaged Loss: 18.778321, tf_ratio: 1.000000
2022-01-04 06:51: **********Val Epoch 114: average Loss: 19.173512
2022-01-04 06:51: Train Epoch 115: 0/167 Loss: 19.910292
2022-01-04 06:51: Train Epoch 115: 20/167 Loss: 18.263229
2022-01-04 06:51: Train Epoch 115: 40/167 Loss: 19.189041
2022-01-04 06:51: Train Epoch 115: 60/167 Loss: 19.157835
2022-01-04 06:51: Train Epoch 115: 80/167 Loss: 18.612654
2022-01-04 06:52: Train Epoch 115: 100/167 Loss: 18.651043
2022-01-04 06:52: Train Epoch 115: 120/167 Loss: 19.403166
2022-01-04 06:52: Train Epoch 115: 140/167 Loss: 17.860521
2022-01-04 06:52: Train Epoch 115: 160/167 Loss: 18.662437
2022-01-04 06:52: **********Train Epoch 115: averaged Loss: 18.565893, tf_ratio: 1.000000
2022-01-04 06:52: **********Val Epoch 115: average Loss: 19.168195
2022-01-04 06:52: Train Epoch 116: 0/167 Loss: 17.419930
2022-01-04 06:52: Train Epoch 116: 20/167 Loss: 17.709188
2022-01-04 06:52: Train Epoch 116: 40/167 Loss: 17.877359
2022-01-04 06:52: Train Epoch 116: 60/167 Loss: 18.271513
2022-01-04 06:52: Train Epoch 116: 80/167 Loss: 16.050524
2022-01-04 06:52: Train Epoch 116: 100/167 Loss: 19.590132
2022-01-04 06:53: Train Epoch 116: 120/167 Loss: 18.999355
2022-01-04 06:53: Train Epoch 116: 140/167 Loss: 18.255810
2022-01-04 06:53: Train Epoch 116: 160/167 Loss: 19.257170
2022-01-04 06:53: **********Train Epoch 116: averaged Loss: 18.491401, tf_ratio: 1.000000
2022-01-04 06:53: **********Val Epoch 116: average Loss: 19.077404
2022-01-04 06:53: Train Epoch 117: 0/167 Loss: 18.167416
2022-01-04 06:53: Train Epoch 117: 20/167 Loss: 18.918217
2022-01-04 06:53: Train Epoch 117: 40/167 Loss: 17.148436
2022-01-04 06:53: Train Epoch 117: 60/167 Loss: 19.342226
2022-01-04 06:53: Train Epoch 117: 80/167 Loss: 18.218643
2022-01-04 06:53: Train Epoch 117: 100/167 Loss: 20.494165
2022-01-04 06:53: Train Epoch 117: 120/167 Loss: 18.119442
2022-01-04 06:54: Train Epoch 117: 140/167 Loss: 18.534906
2022-01-04 06:54: Train Epoch 117: 160/167 Loss: 19.500134
2022-01-04 06:54: **********Train Epoch 117: averaged Loss: 18.429673, tf_ratio: 1.000000
2022-01-04 06:54: **********Val Epoch 117: average Loss: 18.904548
2022-01-04 06:54: Train Epoch 118: 0/167 Loss: 18.333565
2022-01-04 06:54: Train Epoch 118: 20/167 Loss: 17.379723
2022-01-04 06:54: Train Epoch 118: 40/167 Loss: 17.974672
2022-01-04 06:54: Train Epoch 118: 60/167 Loss: 18.608728
2022-01-04 06:54: Train Epoch 118: 80/167 Loss: 17.382366
2022-01-04 06:54: Train Epoch 118: 100/167 Loss: 17.527922
2022-01-04 06:54: Train Epoch 118: 120/167 Loss: 19.131584
2022-01-04 06:54: Train Epoch 118: 140/167 Loss: 18.146120
2022-01-04 06:55: Train Epoch 118: 160/167 Loss: 18.523159
2022-01-04 06:55: **********Train Epoch 118: averaged Loss: 18.393437, tf_ratio: 1.000000
2022-01-04 06:55: **********Val Epoch 118: average Loss: 18.783920
2022-01-04 06:55: Train Epoch 119: 0/167 Loss: 17.535069
2022-01-04 06:55: Train Epoch 119: 20/167 Loss: 19.151283
2022-01-04 06:55: Train Epoch 119: 40/167 Loss: 19.699556
2022-01-04 06:55: Train Epoch 119: 60/167 Loss: 18.666878
2022-01-04 06:55: Train Epoch 119: 80/167 Loss: 18.514975
2022-01-04 06:55: Train Epoch 119: 100/167 Loss: 17.169651
2022-01-04 06:55: Train Epoch 119: 120/167 Loss: 18.029020
2022-01-04 06:55: Train Epoch 119: 140/167 Loss: 18.215382
2022-01-04 06:55: Train Epoch 119: 160/167 Loss: 19.012173
2022-01-04 06:56: **********Train Epoch 119: averaged Loss: 18.301263, tf_ratio: 1.000000
2022-01-04 06:56: **********Val Epoch 119: average Loss: 18.787926
2022-01-04 06:56: Train Epoch 120: 0/167 Loss: 19.660635
2022-01-04 06:56: Train Epoch 120: 20/167 Loss: 17.898458
2022-01-04 06:56: Train Epoch 120: 40/167 Loss: 17.805382
2022-01-04 06:56: Train Epoch 120: 60/167 Loss: 18.423132
2022-01-04 06:56: Train Epoch 120: 80/167 Loss: 16.981585
2022-01-04 06:56: Train Epoch 120: 100/167 Loss: 18.111197
2022-01-04 06:56: Train Epoch 120: 120/167 Loss: 19.083261
2022-01-04 06:56: Train Epoch 120: 140/167 Loss: 18.119926
2022-01-04 06:56: Train Epoch 120: 160/167 Loss: 18.830324
2022-01-04 06:56: **********Train Epoch 120: averaged Loss: 18.291052, tf_ratio: 1.000000
2022-01-04 06:57: **********Val Epoch 120: average Loss: 19.044531
2022-01-04 06:57: Train Epoch 121: 0/167 Loss: 17.650930
2022-01-04 06:57: Train Epoch 121: 20/167 Loss: 18.405218
2022-01-04 06:57: Train Epoch 121: 40/167 Loss: 17.250422
2022-01-04 06:57: Train Epoch 121: 60/167 Loss: 17.348328
2022-01-04 06:57: Train Epoch 121: 80/167 Loss: 17.547127
2022-01-04 06:57: Train Epoch 121: 100/167 Loss: 17.828638
2022-01-04 06:57: Train Epoch 121: 120/167 Loss: 19.133766
2022-01-04 06:57: Train Epoch 121: 140/167 Loss: 18.330795
2022-01-04 06:57: Train Epoch 121: 160/167 Loss: 17.654169
2022-01-04 06:57: **********Train Epoch 121: averaged Loss: 18.367598, tf_ratio: 1.000000
2022-01-04 06:57: **********Val Epoch 121: average Loss: 19.069871
2022-01-04 06:57: Train Epoch 122: 0/167 Loss: 17.670248
2022-01-04 06:58: Train Epoch 122: 20/167 Loss: 16.360586
2022-01-04 06:58: Train Epoch 122: 40/167 Loss: 17.827478
2022-01-04 06:58: Train Epoch 122: 60/167 Loss: 18.409697
2022-01-04 06:58: Train Epoch 122: 80/167 Loss: 17.432726
2022-01-04 06:58: Train Epoch 122: 100/167 Loss: 17.455095
2022-01-04 06:58: Train Epoch 122: 120/167 Loss: 17.176441
2022-01-04 06:58: Train Epoch 122: 140/167 Loss: 19.470516
2022-01-04 06:58: Train Epoch 122: 160/167 Loss: 17.763716
2022-01-04 06:58: **********Train Epoch 122: averaged Loss: 18.088585, tf_ratio: 1.000000
2022-01-04 06:58: **********Val Epoch 122: average Loss: 18.697018
2022-01-04 06:58: Train Epoch 123: 0/167 Loss: 19.712660
2022-01-04 06:58: Train Epoch 123: 20/167 Loss: 18.730373
2022-01-04 06:59: Train Epoch 123: 40/167 Loss: 18.502501
2022-01-04 06:59: Train Epoch 123: 60/167 Loss: 18.669720
2022-01-04 06:59: Train Epoch 123: 80/167 Loss: 17.325544
2022-01-04 06:59: Train Epoch 123: 100/167 Loss: 18.689699
2022-01-04 06:59: Train Epoch 123: 120/167 Loss: 18.912134
2022-01-04 06:59: Train Epoch 123: 140/167 Loss: 17.993744
2022-01-04 06:59: Train Epoch 123: 160/167 Loss: 17.926636
2022-01-04 06:59: **********Train Epoch 123: averaged Loss: 18.187114, tf_ratio: 1.000000
2022-01-04 06:59: **********Val Epoch 123: average Loss: 18.741725
2022-01-04 06:59: Train Epoch 124: 0/167 Loss: 17.341299
2022-01-04 06:59: Train Epoch 124: 20/167 Loss: 18.097536
2022-01-04 06:59: Train Epoch 124: 40/167 Loss: 19.704189
2022-01-04 07:00: Train Epoch 124: 60/167 Loss: 17.716131
2022-01-04 07:00: Train Epoch 124: 80/167 Loss: 17.474997
2022-01-04 07:00: Train Epoch 124: 100/167 Loss: 17.919077
2022-01-04 07:00: Train Epoch 124: 120/167 Loss: 19.129213
2022-01-04 07:00: Train Epoch 124: 140/167 Loss: 17.943869
2022-01-04 07:00: Train Epoch 124: 160/167 Loss: 17.680210
2022-01-04 07:00: **********Train Epoch 124: averaged Loss: 18.114762, tf_ratio: 1.000000
2022-01-04 07:00: **********Val Epoch 124: average Loss: 18.622092
2022-01-04 07:00: Train Epoch 125: 0/167 Loss: 18.133787
2022-01-04 07:00: Train Epoch 125: 20/167 Loss: 17.316977
2022-01-04 07:00: Train Epoch 125: 40/167 Loss: 16.418383
2022-01-04 07:00: Train Epoch 125: 60/167 Loss: 17.851526
2022-01-04 07:01: Train Epoch 125: 80/167 Loss: 18.835344
2022-01-04 07:01: Train Epoch 125: 100/167 Loss: 17.793974
2022-01-04 07:01: Train Epoch 125: 120/167 Loss: 16.704304
2022-01-04 07:01: Train Epoch 125: 140/167 Loss: 18.561777
2022-01-04 07:01: Train Epoch 125: 160/167 Loss: 16.799147
2022-01-04 07:01: **********Train Epoch 125: averaged Loss: 18.028439, tf_ratio: 1.000000
2022-01-04 07:01: **********Val Epoch 125: average Loss: 18.524395
2022-01-04 07:01: Train Epoch 126: 0/167 Loss: 16.746405
2022-01-04 07:01: Train Epoch 126: 20/167 Loss: 18.218687
2022-01-04 07:01: Train Epoch 126: 40/167 Loss: 17.062746
2022-01-04 07:01: Train Epoch 126: 60/167 Loss: 17.653376
2022-01-04 07:01: Train Epoch 126: 80/167 Loss: 18.699051
2022-01-04 07:02: Train Epoch 126: 100/167 Loss: 17.953777
2022-01-04 07:02: Train Epoch 126: 120/167 Loss: 17.351227
2022-01-04 07:02: Train Epoch 126: 140/167 Loss: 17.867901
2022-01-04 07:02: Train Epoch 126: 160/167 Loss: 17.146627
2022-01-04 07:02: **********Train Epoch 126: averaged Loss: 17.965456, tf_ratio: 1.000000
2022-01-04 07:02: **********Val Epoch 126: average Loss: 18.670513
2022-01-04 07:02: Train Epoch 127: 0/167 Loss: 18.072344
2022-01-04 07:02: Train Epoch 127: 20/167 Loss: 18.176569
2022-01-04 07:02: Train Epoch 127: 40/167 Loss: 17.842916
2022-01-04 07:02: Train Epoch 127: 60/167 Loss: 17.642305
2022-01-04 07:02: Train Epoch 127: 80/167 Loss: 18.415331
2022-01-04 07:02: Train Epoch 127: 100/167 Loss: 16.925478
2022-01-04 07:03: Train Epoch 127: 120/167 Loss: 17.489632
2022-01-04 07:03: Train Epoch 127: 140/167 Loss: 17.928291
2022-01-04 07:03: Train Epoch 127: 160/167 Loss: 18.796700
2022-01-04 07:03: **********Train Epoch 127: averaged Loss: 17.962667, tf_ratio: 1.000000
2022-01-04 07:03: **********Val Epoch 127: average Loss: 18.467117
2022-01-04 07:03: Train Epoch 128: 0/167 Loss: 16.723349
2022-01-04 07:03: Train Epoch 128: 20/167 Loss: 17.860685
2022-01-04 07:03: Train Epoch 128: 40/167 Loss: 19.488531
2022-01-04 07:03: Train Epoch 128: 60/167 Loss: 17.006569
2022-01-04 07:03: Train Epoch 128: 80/167 Loss: 17.735233
2022-01-04 07:03: Train Epoch 128: 100/167 Loss: 18.951609
2022-01-04 07:03: Train Epoch 128: 120/167 Loss: 17.790224
2022-01-04 07:04: Train Epoch 128: 140/167 Loss: 18.756205
2022-01-04 07:04: Train Epoch 128: 160/167 Loss: 18.132868
2022-01-04 07:04: **********Train Epoch 128: averaged Loss: 17.906171, tf_ratio: 1.000000
2022-01-04 07:04: **********Val Epoch 128: average Loss: 18.460774
2022-01-04 07:04: Train Epoch 129: 0/167 Loss: 18.685936
2022-01-04 07:04: Train Epoch 129: 20/167 Loss: 18.150595
2022-01-04 07:04: Train Epoch 129: 40/167 Loss: 19.390812
2022-01-04 07:04: Train Epoch 129: 60/167 Loss: 17.391710
2022-01-04 07:04: Train Epoch 129: 80/167 Loss: 17.995018
2022-01-04 07:04: Train Epoch 129: 100/167 Loss: 18.061714
2022-01-04 07:04: Train Epoch 129: 120/167 Loss: 17.912451
2022-01-04 07:05: Train Epoch 129: 140/167 Loss: 17.923956
2022-01-04 07:05: Train Epoch 129: 160/167 Loss: 18.608829
2022-01-04 07:05: **********Train Epoch 129: averaged Loss: 17.906884, tf_ratio: 1.000000
2022-01-04 07:05: **********Val Epoch 129: average Loss: 18.520668
2022-01-04 07:05: Train Epoch 130: 0/167 Loss: 18.822433
2022-01-04 07:05: Train Epoch 130: 20/167 Loss: 18.156317
2022-01-04 07:05: Train Epoch 130: 40/167 Loss: 18.107611
2022-01-04 07:05: Train Epoch 130: 60/167 Loss: 19.022064
2022-01-04 07:05: Train Epoch 130: 80/167 Loss: 17.239412
2022-01-04 07:05: Train Epoch 130: 100/167 Loss: 18.218674
2022-01-04 07:05: Train Epoch 130: 120/167 Loss: 18.347912
2022-01-04 07:05: Train Epoch 130: 140/167 Loss: 18.301901
2022-01-04 07:06: Train Epoch 130: 160/167 Loss: 16.951414
2022-01-04 07:06: **********Train Epoch 130: averaged Loss: 17.891023, tf_ratio: 1.000000
2022-01-04 07:06: **********Val Epoch 130: average Loss: 19.254580
2022-01-04 07:06: Train Epoch 131: 0/167 Loss: 16.726433
2022-01-04 07:06: Train Epoch 131: 20/167 Loss: 18.510513
2022-01-04 07:06: Train Epoch 131: 40/167 Loss: 18.304838
2022-01-04 07:06: Train Epoch 131: 60/167 Loss: 18.101185
2022-01-04 07:06: Train Epoch 131: 80/167 Loss: 18.133625
2022-01-04 07:06: Train Epoch 131: 100/167 Loss: 17.428093
2022-01-04 07:06: Train Epoch 131: 120/167 Loss: 17.640694
2022-01-04 07:06: Train Epoch 131: 140/167 Loss: 17.251486
2022-01-04 07:06: Train Epoch 131: 160/167 Loss: 16.189585
2022-01-04 07:06: **********Train Epoch 131: averaged Loss: 17.792765, tf_ratio: 1.000000
2022-01-04 07:07: **********Val Epoch 131: average Loss: 18.379209
2022-01-04 07:07: Train Epoch 132: 0/167 Loss: 16.436256
2022-01-04 07:07: Train Epoch 132: 20/167 Loss: 18.114511
2022-01-04 07:07: Train Epoch 132: 40/167 Loss: 16.747059
2022-01-04 07:07: Train Epoch 132: 60/167 Loss: 18.351652
2022-01-04 07:07: Train Epoch 132: 80/167 Loss: 18.426016
2022-01-04 07:07: Train Epoch 132: 100/167 Loss: 17.525415
2022-01-04 07:07: Train Epoch 132: 120/167 Loss: 16.943350
2022-01-04 07:07: Train Epoch 132: 140/167 Loss: 17.417116
2022-01-04 07:07: Train Epoch 132: 160/167 Loss: 17.788427
2022-01-04 07:07: **********Train Epoch 132: averaged Loss: 17.754809, tf_ratio: 1.000000
2022-01-04 07:07: **********Val Epoch 132: average Loss: 18.251462
2022-01-04 07:07: Train Epoch 133: 0/167 Loss: 17.188301
2022-01-04 07:08: Train Epoch 133: 20/167 Loss: 18.459354
2022-01-04 07:08: Train Epoch 133: 40/167 Loss: 16.552874
2022-01-04 07:08: Train Epoch 133: 60/167 Loss: 17.709221
2022-01-04 07:08: Train Epoch 133: 80/167 Loss: 18.582600
2022-01-04 07:08: Train Epoch 133: 100/167 Loss: 16.931261
2022-01-04 07:08: Train Epoch 133: 120/167 Loss: 17.017782
2022-01-04 07:08: Train Epoch 133: 140/167 Loss: 17.658234
2022-01-04 07:08: Train Epoch 133: 160/167 Loss: 16.641426
2022-01-04 07:08: **********Train Epoch 133: averaged Loss: 17.669545, tf_ratio: 1.000000
2022-01-04 07:08: **********Val Epoch 133: average Loss: 18.113474
2022-01-04 07:08: Train Epoch 134: 0/167 Loss: 17.852722
2022-01-04 07:08: Train Epoch 134: 20/167 Loss: 16.909042
2022-01-04 07:09: Train Epoch 134: 40/167 Loss: 18.233988
2022-01-04 07:09: Train Epoch 134: 60/167 Loss: 17.983786
2022-01-04 07:09: Train Epoch 134: 80/167 Loss: 18.056480
2022-01-04 07:09: Train Epoch 134: 100/167 Loss: 18.911079
2022-01-04 07:09: Train Epoch 134: 120/167 Loss: 16.732391
2022-01-04 07:09: Train Epoch 134: 140/167 Loss: 18.392839
2022-01-04 07:09: Train Epoch 134: 160/167 Loss: 17.433117
2022-01-04 07:09: **********Train Epoch 134: averaged Loss: 17.605520, tf_ratio: 1.000000
2022-01-04 07:09: **********Val Epoch 134: average Loss: 18.121580
2022-01-04 07:09: Train Epoch 135: 0/167 Loss: 17.373749
2022-01-04 07:09: Train Epoch 135: 20/167 Loss: 18.334370
2022-01-04 07:09: Train Epoch 135: 40/167 Loss: 18.029982
2022-01-04 07:10: Train Epoch 135: 60/167 Loss: 16.944656
2022-01-04 07:10: Train Epoch 135: 80/167 Loss: 18.279945
2022-01-04 07:10: Train Epoch 135: 100/167 Loss: 18.540194
2022-01-04 07:10: Train Epoch 135: 120/167 Loss: 17.169617
2022-01-04 07:10: Train Epoch 135: 140/167 Loss: 17.424541
2022-01-04 07:10: Train Epoch 135: 160/167 Loss: 17.055439
2022-01-04 07:10: **********Train Epoch 135: averaged Loss: 17.629566, tf_ratio: 1.000000
2022-01-04 07:10: **********Val Epoch 135: average Loss: 18.569701
2022-01-04 07:10: Train Epoch 136: 0/167 Loss: 17.517185
2022-01-04 07:10: Train Epoch 136: 20/167 Loss: 18.384146
2022-01-04 07:10: Train Epoch 136: 40/167 Loss: 19.029011
2022-01-04 07:10: Train Epoch 136: 60/167 Loss: 17.949038
2022-01-04 07:11: Train Epoch 136: 80/167 Loss: 18.218582
2022-01-04 07:11: Train Epoch 136: 100/167 Loss: 17.945801
2022-01-04 07:11: Train Epoch 136: 120/167 Loss: 16.626101
2022-01-04 07:11: Train Epoch 136: 140/167 Loss: 16.965921
2022-01-04 07:11: Train Epoch 136: 160/167 Loss: 17.300283
2022-01-04 07:11: **********Train Epoch 136: averaged Loss: 17.540884, tf_ratio: 1.000000
2022-01-04 07:11: **********Val Epoch 136: average Loss: 18.039130
2022-01-04 07:11: Train Epoch 137: 0/167 Loss: 18.649572
2022-01-04 07:11: Train Epoch 137: 20/167 Loss: 17.740944
2022-01-04 07:11: Train Epoch 137: 40/167 Loss: 17.606052
2022-01-04 07:11: Train Epoch 137: 60/167 Loss: 18.482670
2022-01-04 07:12: Train Epoch 137: 80/167 Loss: 17.250338
2022-01-04 07:12: Train Epoch 137: 100/167 Loss: 17.342905
2022-01-04 07:12: Train Epoch 137: 120/167 Loss: 18.478546
2022-01-04 07:12: Train Epoch 137: 140/167 Loss: 17.886776
2022-01-04 07:12: Train Epoch 137: 160/167 Loss: 18.347422
2022-01-04 07:12: **********Train Epoch 137: averaged Loss: 17.523797, tf_ratio: 1.000000
2022-01-04 07:12: **********Val Epoch 137: average Loss: 18.161978
2022-01-04 07:12: Train Epoch 138: 0/167 Loss: 18.088228
2022-01-04 07:12: Train Epoch 138: 20/167 Loss: 17.303827
2022-01-04 07:12: Train Epoch 138: 40/167 Loss: 17.609758
2022-01-04 07:12: Train Epoch 138: 60/167 Loss: 17.462479
2022-01-04 07:12: Train Epoch 138: 80/167 Loss: 17.089787
2022-01-04 07:13: Train Epoch 138: 100/167 Loss: 17.664110
2022-01-04 07:13: Train Epoch 138: 120/167 Loss: 17.936134
2022-01-04 07:13: Train Epoch 138: 140/167 Loss: 18.842340
2022-01-04 07:13: Train Epoch 138: 160/167 Loss: 18.022449
2022-01-04 07:13: **********Train Epoch 138: averaged Loss: 17.550564, tf_ratio: 1.000000
2022-01-04 07:13: **********Val Epoch 138: average Loss: 18.092352
2022-01-04 07:13: Train Epoch 139: 0/167 Loss: 17.347094
2022-01-04 07:13: Train Epoch 139: 20/167 Loss: 17.699070
2022-01-04 07:13: Train Epoch 139: 40/167 Loss: 17.431580
2022-01-04 07:13: Train Epoch 139: 60/167 Loss: 18.659500
2022-01-04 07:13: Train Epoch 139: 80/167 Loss: 17.787386
2022-01-04 07:13: Train Epoch 139: 100/167 Loss: 17.588354
2022-01-04 07:14: Train Epoch 139: 120/167 Loss: 16.979219
2022-01-04 07:14: Train Epoch 139: 140/167 Loss: 17.433453
2022-01-04 07:14: Train Epoch 139: 160/167 Loss: 17.208330
2022-01-04 07:14: **********Train Epoch 139: averaged Loss: 17.527798, tf_ratio: 1.000000
2022-01-04 07:14: **********Val Epoch 139: average Loss: 18.180282
2022-01-04 07:14: Train Epoch 140: 0/167 Loss: 18.140339
2022-01-04 07:14: Train Epoch 140: 20/167 Loss: 19.326973
2022-01-04 07:14: Train Epoch 140: 40/167 Loss: 17.003056
2022-01-04 07:14: Train Epoch 140: 60/167 Loss: 17.431141
2022-01-04 07:14: Train Epoch 140: 80/167 Loss: 17.597214
2022-01-04 07:14: Train Epoch 140: 100/167 Loss: 17.198065
2022-01-04 07:14: Train Epoch 140: 120/167 Loss: 16.863056
2022-01-04 07:15: Train Epoch 140: 140/167 Loss: 16.679405
2022-01-04 07:15: Train Epoch 140: 160/167 Loss: 16.378302
2022-01-04 07:15: **********Train Epoch 140: averaged Loss: 17.387502, tf_ratio: 1.000000
2022-01-04 07:15: **********Val Epoch 140: average Loss: 17.910578
2022-01-04 07:15: Train Epoch 141: 0/167 Loss: 18.223623
2022-01-04 07:15: Train Epoch 141: 20/167 Loss: 17.189804
2022-01-04 07:15: Train Epoch 141: 40/167 Loss: 16.522430
2022-01-04 07:15: Train Epoch 141: 60/167 Loss: 16.624365
2022-01-04 07:15: Train Epoch 141: 80/167 Loss: 17.754557
2022-01-04 07:15: Train Epoch 141: 100/167 Loss: 18.701635
2022-01-04 07:15: Train Epoch 141: 120/167 Loss: 16.807278
2022-01-04 07:15: Train Epoch 141: 140/167 Loss: 16.413704
2022-01-04 07:16: Train Epoch 141: 160/167 Loss: 18.070364
2022-01-04 07:16: **********Train Epoch 141: averaged Loss: 17.350469, tf_ratio: 1.000000
2022-01-04 07:16: **********Val Epoch 141: average Loss: 18.221294
2022-01-04 07:16: Train Epoch 142: 0/167 Loss: 18.056538
2022-01-04 07:16: Train Epoch 142: 20/167 Loss: 17.879704
2022-01-04 07:16: Train Epoch 142: 40/167 Loss: 18.514677
2022-01-04 07:16: Train Epoch 142: 60/167 Loss: 17.731749
2022-01-04 07:16: Train Epoch 142: 80/167 Loss: 16.701517
2022-01-04 07:16: Train Epoch 142: 100/167 Loss: 18.506403
2022-01-04 07:16: Train Epoch 142: 120/167 Loss: 16.116449
2022-01-04 07:16: Train Epoch 142: 140/167 Loss: 17.693775
2022-01-04 07:16: Train Epoch 142: 160/167 Loss: 18.881479
2022-01-04 07:16: **********Train Epoch 142: averaged Loss: 17.320443, tf_ratio: 1.000000
2022-01-04 07:17: **********Val Epoch 142: average Loss: 18.066390
2022-01-04 07:17: Train Epoch 143: 0/167 Loss: 17.022163
2022-01-04 07:17: Train Epoch 143: 20/167 Loss: 17.443754
2022-01-04 07:17: Train Epoch 143: 40/167 Loss: 16.197884
2022-01-04 07:17: Train Epoch 143: 60/167 Loss: 17.045507
2022-01-04 07:17: Train Epoch 143: 80/167 Loss: 16.203320
2022-01-04 07:17: Train Epoch 143: 100/167 Loss: 16.445202
2022-01-04 07:17: Train Epoch 143: 120/167 Loss: 16.908531
2022-01-04 07:17: Train Epoch 143: 140/167 Loss: 17.382765
2022-01-04 07:17: Train Epoch 143: 160/167 Loss: 17.836536
2022-01-04 07:17: **********Train Epoch 143: averaged Loss: 17.309598, tf_ratio: 1.000000
2022-01-04 07:17: **********Val Epoch 143: average Loss: 17.910829
2022-01-04 07:17: Train Epoch 144: 0/167 Loss: 18.750320
2022-01-04 07:18: Train Epoch 144: 20/167 Loss: 17.040583
2022-01-04 07:18: Train Epoch 144: 40/167 Loss: 16.630461
2022-01-04 07:18: Train Epoch 144: 60/167 Loss: 17.634924
2022-01-04 07:18: Train Epoch 144: 80/167 Loss: 17.882692
2022-01-04 07:18: Train Epoch 144: 100/167 Loss: 17.338221
2022-01-04 07:18: Train Epoch 144: 120/167 Loss: 17.077576
2022-01-04 07:18: Train Epoch 144: 140/167 Loss: 17.948526
2022-01-04 07:18: Train Epoch 144: 160/167 Loss: 18.203953
2022-01-04 07:18: **********Train Epoch 144: averaged Loss: 17.621923, tf_ratio: 1.000000
2022-01-04 07:18: **********Val Epoch 144: average Loss: 18.292914
2022-01-04 07:18: Train Epoch 145: 0/167 Loss: 18.457726
2022-01-04 07:19: Train Epoch 145: 20/167 Loss: 17.994188
2022-01-04 07:19: Train Epoch 145: 40/167 Loss: 16.757732
2022-01-04 07:19: Train Epoch 145: 60/167 Loss: 18.772673
2022-01-04 07:19: Train Epoch 145: 80/167 Loss: 17.803122
2022-01-04 07:19: Train Epoch 145: 100/167 Loss: 16.357740
2022-01-04 07:19: Train Epoch 145: 120/167 Loss: 16.982855
2022-01-04 07:19: Train Epoch 145: 140/167 Loss: 17.177124
2022-01-04 07:19: Train Epoch 145: 160/167 Loss: 17.189030
2022-01-04 07:19: **********Train Epoch 145: averaged Loss: 17.352056, tf_ratio: 1.000000
2022-01-04 07:19: **********Val Epoch 145: average Loss: 17.900586
2022-01-04 07:19: Train Epoch 146: 0/167 Loss: 17.978621
2022-01-04 07:19: Train Epoch 146: 20/167 Loss: 17.568453
2022-01-04 07:20: Train Epoch 146: 40/167 Loss: 17.695772
2022-01-04 07:20: Train Epoch 146: 60/167 Loss: 18.450233
2022-01-04 07:20: Train Epoch 146: 80/167 Loss: 16.712885
2022-01-04 07:20: Train Epoch 146: 100/167 Loss: 17.825684
2022-01-04 07:20: Train Epoch 146: 120/167 Loss: 17.613916
2022-01-04 07:20: Train Epoch 146: 140/167 Loss: 17.132223
2022-01-04 07:20: Train Epoch 146: 160/167 Loss: 16.811443
2022-01-04 07:20: **********Train Epoch 146: averaged Loss: 17.281320, tf_ratio: 1.000000
2022-01-04 07:20: **********Val Epoch 146: average Loss: 17.833185
2022-01-04 07:20: Train Epoch 147: 0/167 Loss: 17.448774
2022-01-04 07:20: Train Epoch 147: 20/167 Loss: 16.813419
2022-01-04 07:20: Train Epoch 147: 40/167 Loss: 17.110048
2022-01-04 07:21: Train Epoch 147: 60/167 Loss: 16.310162
2022-01-04 07:21: Train Epoch 147: 80/167 Loss: 16.618250
2022-01-04 07:21: Train Epoch 147: 100/167 Loss: 16.389963
2022-01-04 07:21: Train Epoch 147: 120/167 Loss: 16.324636
2022-01-04 07:21: Train Epoch 147: 140/167 Loss: 16.437979
2022-01-04 07:21: Train Epoch 147: 160/167 Loss: 18.069452
2022-01-04 07:21: **********Train Epoch 147: averaged Loss: 17.153858, tf_ratio: 1.000000
2022-01-04 07:21: **********Val Epoch 147: average Loss: 18.675122
2022-01-04 07:21: Train Epoch 148: 0/167 Loss: 18.421619
2022-01-04 07:21: Train Epoch 148: 20/167 Loss: 17.935659
2022-01-04 07:21: Train Epoch 148: 40/167 Loss: 17.455332
2022-01-04 07:21: Train Epoch 148: 60/167 Loss: 17.553106
2022-01-04 07:22: Train Epoch 148: 80/167 Loss: 17.404097
2022-01-04 07:22: Train Epoch 148: 100/167 Loss: 17.039040
2022-01-04 07:22: Train Epoch 148: 120/167 Loss: 18.006027
2022-01-04 07:22: Train Epoch 148: 140/167 Loss: 16.744122
2022-01-04 07:22: Train Epoch 148: 160/167 Loss: 16.293623
2022-01-04 07:22: **********Train Epoch 148: averaged Loss: 17.524893, tf_ratio: 1.000000
2022-01-04 07:22: **********Val Epoch 148: average Loss: 18.009328
2022-01-04 07:22: Validation performance didn't improve for 80 epochs. Training stops.
2022-01-04 07:22: Total training time: 89.3206min, best loss: 16.881054
